============================================================
   Tang Dynasty, V6.0.152183
   Copyright (c) 2012-2025 Anlogic Inc.
   Executable = C:/Anlogic/TD_6.0.3_PHX_Release_152.183/bin/run.exe
   Built at =   11:19:57 Dec 11 2024
   Run by =     Administrator
   Run Date =   Sun May 17 00:38:03 2026

   Run on =     USER-20221101UL
============================================================
RUN-1002 : start command "import_device ph1_60.db -package PH1A60GEG324 -speed 3"
ARC-1001 : Device Initialization.
ARC-1001 : ---------------------------------------------------------------
ARC-1001 :           OPTION          |          IO          |   SETTING   
ARC-1001 : ---------------------------------------------------------------
ARC-1001 :   non_jtag_persist(none)  |        36 IOs        |    gpio    
ARC-1001 :            jtag           |  P8/E10/E12/E11/E13  |  dedicate  
ARC-1001 : ---------------------------------------------------------------
RUN-1003 : finish command "import_device ph1_60.db -package PH1A60GEG324 -speed 3" in  4.551459s wall, 3.687500s user + 0.218750s system = 3.906250s CPU (85.8%)

RUN-1004 : used memory is 1082 MB, reserved memory is 1024 MB, peak memory is 1082 MB
RUN-1002 : start command "open_project MASTER_FPGA.prj"
RUN-1002 : start command "commit_param -step design"
RUN-1001 : Print Global Property
RUN-1001 : -------------------------------------------------------------
RUN-1001 :     Parameters    |   Settings   |  Default Values  |  Note  
RUN-1001 : -------------------------------------------------------------
RUN-1001 :    enable_seed    |     off      |       off        |        
RUN-1001 :    hfn_to_clock   |  1000000000  |    1000000000    |        
RUN-1001 :      message      |   standard   |     standard     |        
RUN-1001 :    qor_monitor    |      on      |        on        |        
RUN-1001 :   speedup_effort  |      0       |        0         |        
RUN-1001 :    syn_ip_flow    |     off      |       off        |        
RUN-1001 :       thread      |     auto     |       auto       |        
RUN-1001 : -------------------------------------------------------------
RUN-1001 : Print Design Property
RUN-1001 : ----------------------------------------------------------------
RUN-1001 :       Parameters       |  Settings  |  Default Values  |  Note  
RUN-1001 : ----------------------------------------------------------------
RUN-1001 :   default_reg_initial  |    auto    |       auto       |        
RUN-1001 :    hdl_warning_level   |   normal   |      normal      |        
RUN-1001 : ----------------------------------------------------------------
HDL-1007 : analyze verilog file ../../src/top.v
HDL-1007 : analyze included file ../../src/parameter_def.v in ../../src/top.v(127)
HDL-1007 : back to file '../../src/top.v' in ../../src/top.v(127)
HDL-1007 : undeclared symbol 'INT_ENABLE', assumed default net type 'wire' in ../../src/top.v(533)
HDL-1007 : undeclared symbol 'MASTER_SPI_CS', assumed default net type 'wire' in ../../src/top.v(687)
HDL-1007 : undeclared symbol 'MASTER_SPI_SCLK', assumed default net type 'wire' in ../../src/top.v(688)
HDL-1007 : undeclared symbol 'MASTER_SPI_SDI', assumed default net type 'wire' in ../../src/top.v(689)
HDL-1007 : undeclared symbol 'SLAVE_SPI_CS', assumed default net type 'wire' in ../../src/top.v(690)
HDL-1007 : undeclared symbol 'SLAVE_SPI_SCLK', assumed default net type 'wire' in ../../src/top.v(691)
HDL-1007 : undeclared symbol 'SLAVE_SPI_SDI', assumed default net type 'wire' in ../../src/top.v(692)
HDL-1007 : analyze verilog file ../../al_ip/PH1A_SYS_PLL.v
HDL-1007 : undeclared symbol 'open', assumed default net type 'wire' in ../../al_ip/PH1A_SYS_PLL.v(132)
HDL-1007 : analyze verilog file ../../al_ip/PLL_BASE_FREQ.v
HDL-1007 : undeclared symbol 'open', assumed default net type 'wire' in ../../al_ip/PLL_BASE_FREQ.v(100)
HDL-1007 : analyze verilog file ../../al_ip/PH1A_MULT10X18.v
HDL-1007 : analyze verilog file ../../al_ip/PH1A_MULT8X32.v
HDL-1007 : undeclared symbol 'open_n60', assumed default net type 'wire' in ../../al_ip/PH1A_MULT8X32.v(121)
HDL-1007 : undeclared symbol 'open_n61', assumed default net type 'wire' in ../../al_ip/PH1A_MULT8X32.v(121)
HDL-1007 : undeclared symbol 'open_n62', assumed default net type 'wire' in ../../al_ip/PH1A_MULT8X32.v(121)
HDL-1007 : undeclared symbol 'open_n63', assumed default net type 'wire' in ../../al_ip/PH1A_MULT8X32.v(121)
HDL-1007 : undeclared symbol 'open_n64', assumed default net type 'wire' in ../../al_ip/PH1A_MULT8X32.v(121)
HDL-1007 : undeclared symbol 'open_n65', assumed default net type 'wire' in ../../al_ip/PH1A_MULT8X32.v(121)
HDL-1007 : undeclared symbol 'open_n66', assumed default net type 'wire' in ../../al_ip/PH1A_MULT8X32.v(121)
HDL-1007 : undeclared symbol 'open_n67', assumed default net type 'wire' in ../../al_ip/PH1A_MULT8X32.v(121)
HDL-1007 : undeclared symbol 'open_n68', assumed default net type 'wire' in ../../al_ip/PH1A_MULT8X32.v(121)
HDL-1007 : analyze verilog file ../../al_ip/PH1A_MULT12X2.v
HDL-1007 : analyze verilog file ../../src/AND_DELAY.v
HDL-1007 : analyze verilog file ../../src/AOM2_TTL.v
HDL-1007 : analyze included file ../../src/parameter_def.v in ../../src/AOM2_TTL.v(22)
HDL-1007 : back to file '../../src/AOM2_TTL.v' in ../../src/AOM2_TTL.v(22)
HDL-1007 : analyze verilog file ../../src/FRENC_WATER.v
HDL-1007 : analyze verilog file ../../src/ICR.v
HDL-1007 : analyze verilog file ../../src/MS9714.v
HDL-1007 : analyze verilog file ../../src/OR_GATE_16.v
HDL-1007 : analyze verilog file ../../src/PCA9555.v
HDL-1007 : analyze verilog file ../../src/PD_WAVE.v
HDL-1007 : analyze verilog file ../../src/alarm/high_alarm.v
HDL-1007 : analyze verilog file ../../src/alarm/low_alarm.v
HDL-1007 : analyze verilog file ../../src/alarm_mon.v
HDL-1007 : analyze verilog file ../../src/burst.v
HDL-1007 : analyze verilog file ../../src/calibration_aom.v
HDL-1007 : analyze included file ../../src/parameter_def.v in ../../src/calibration_aom.v(47)
HDL-1007 : back to file '../../src/calibration_aom.v' in ../../src/calibration_aom.v(47)
HDL-1007 : analyze verilog file ../../src/core.v
HDL-1007 : analyze included file ../../src/parameter_def.v in ../../src/core.v(230)
HDL-1007 : back to file '../../src/core.v' in ../../src/core.v(230)
HDL-1007 : analyze verilog file ../../src/data_sync.v
HDL-1007 : analyze verilog file ../../src/feed_dog.v
HDL-1007 : analyze verilog file ../../src/fiber_break.v
HDL-1007 : analyze verilog file ../../src/filter.v
HDL-1007 : analyze verilog file ../../src/freq_alarm_feed.v
HDL-1007 : analyze verilog file ../../src/freq_cal.v
HDL-1007 : analyze verilog file ../../src/freq_cal_AOM2.v
HDL-1007 : analyze verilog file ../../src/led.v
HDL-1007 : analyze verilog file ../../src/led_green.v
HDL-1007 : analyze verilog file ../../src/motor.v
HDL-1007 : analyze verilog file ../../src/pll_feed_dog.v
HDL-1007 : analyze verilog file ../../src/power_lim.v
HDL-1007 : analyze verilog file ../../src/pump_ramp.v
HDL-1007 : analyze verilog file ../../src/reg_delay.v
HDL-1007 : analyze verilog file ../../src/spi.v
HDL-1007 : analyze verilog file ../../src/airpump_speed_adj.v
HDL-1007 : analyze verilog file ../../src/adc_ADS7883.v
HDL-1007 : analyze verilog file ../../src/dac_TPC112S1.v
HDL-1007 : analyze verilog file ../../src/pump.v
HDL-1007 : analyze included file ../../src/parameter_def.v in ../../src/pump.v(50)
HDL-1007 : back to file '../../src/pump.v' in ../../src/pump.v(50)
HDL-1007 : analyze verilog file ../../src/led_debug.v
PRJ-1401 : Successfully analyzed 40 source files.
RUN-1002 : start command "commit_param -step design"
RUN-1001 : Print Global Property
RUN-1001 : -------------------------------------------------------------
RUN-1001 :     Parameters    |   Settings   |  Default Values  |  Note  
RUN-1001 : -------------------------------------------------------------
RUN-1001 :    enable_seed    |     off      |       off        |        
RUN-1001 :    hfn_to_clock   |  1000000000  |    1000000000    |        
RUN-1001 :      message      |   standard   |     standard     |        
RUN-1001 :    qor_monitor    |      on      |        on        |        
RUN-1001 :   speedup_effort  |      0       |        0         |        
RUN-1001 :    syn_ip_flow    |     off      |       off        |        
RUN-1001 :       thread      |     auto     |       auto       |        
RUN-1001 : -------------------------------------------------------------
RUN-1001 : Print Design Property
RUN-1001 : ----------------------------------------------------------------
RUN-1001 :       Parameters       |  Settings  |  Default Values  |  Note  
RUN-1001 : ----------------------------------------------------------------
RUN-1001 :   default_reg_initial  |    auto    |       auto       |        
RUN-1001 :    hdl_warning_level   |   normal   |      normal      |        
RUN-1001 : ----------------------------------------------------------------
RUN-1002 : start command "elaborate -top top"
HDL-1007 : port 'DAC_MAX' remains unconnected for this instance in ../../src/top.v(506)
HDL-1007 : port 'AOM1_TTL' remains unconnected for this instance in ../../src/top.v(506)
HDL-1007 : port 'AOM2_TTL' remains unconnected for this instance in ../../src/top.v(506)
HDL-1007 : port 'AOM3_TTL' remains unconnected for this instance in ../../src/top.v(506)
HDL-1007 : port 'AOM4_TTL' remains unconnected for this instance in ../../src/top.v(506)
HDL-1007 : port 'MOTOR2_reset' remains unconnected for this instance in ../../src/top.v(506)
HDL-1007 : port 'MOTOR2_period' remains unconnected for this instance in ../../src/top.v(506)
HDL-1007 : port 'MOTOR2_step_num' remains unconnected for this instance in ../../src/top.v(506)
HDL-1007 : port 'MOTOR2_step_sta' remains unconnected for this instance in ../../src/top.v(506)
HDL-1007 : port 'MOTOR3_reset' remains unconnected for this instance in ../../src/top.v(506)
HDL-1007 : port 'MOTOR3_period' remains unconnected for this instance in ../../src/top.v(506)
HDL-1007 : port 'MOTOR3_step_num' remains unconnected for this instance in ../../src/top.v(506)
HDL-1007 : port 'MOTOR3_step_sta' remains unconnected for this instance in ../../src/top.v(506)
HDL-1007 : port 'MOTOR4_reset' remains unconnected for this instance in ../../src/top.v(506)
HDL-1007 : port 'MOTOR4_period' remains unconnected for this instance in ../../src/top.v(506)
HDL-1007 : port 'MOTOR4_step_num' remains unconnected for this instance in ../../src/top.v(506)
HDL-1007 : port 'MOTOR4_step_sta' remains unconnected for this instance in ../../src/top.v(506)
HDL-1007 : elaborate module top in ../../src/top.v(10)
HDL-1007 : elaborate module PH1A_SYS_PLL in ../../al_ip/PH1A_SYS_PLL.v(25)
HDL-1007 : elaborate module PH1_LOGIC_BUFG in C:/Anlogic/TD_6.0.3_PHX_Release_152.183/arch/ph1_macro.v(10860)
HDL-1007 : elaborate module PH1_PHY_PLL(CLKC0_CPHASE=15,CLKC1_CPHASE=4,CLKC2_CPHASE=7,CLKC3_CPHASE=24,CLKC0_DIV=16,CLKC1_DIV=5,CLKC2_DIV=8,CLKC3_DIV=25,CLKC0_DUTY_INT=8,CLKC1_DUTY_INT=3,CLKC2_DUTY_INT=4,CLKC3_DUTY_INT=13,CLKC0_ENABLE="ENABLE",CLKC1_ENABLE="ENABLE",CLKC2_ENABLE="ENABLE",CLKC3_ENABLE="ENABLE",FIN="50.000000",PLL_USR_RST="ENABLE",PLL_FEED_TYPE="EXTERNAL",SSC_RNGE=0) in C:/Anlogic/TD_6.0.3_PHX_Release_152.183/arch/ph1_macro.v(856)
HDL-1007 : elaborate module PD_WAVE in ../../src/PD_WAVE.v(1)
HDL-1007 : elaborate module PLL_BASE_FREQ in ../../al_ip/PLL_BASE_FREQ.v(23)
HDL-1007 : elaborate module PH1_PHY_PLL(CLKC0_CPHASE=19,CLKC1_CPHASE=4,CLKC0_DIV=20,CLKC1_DIV=5,CLKC0_DUTY_INT=10,CLKC1_DUTY_INT=3,CLKC0_ENABLE="ENABLE",CLKC1_ENABLE="ENABLE",FIN="50.000000",PLL_USR_RST="ENABLE",PLL_FEED_TYPE="EXTERNAL",SSC_RNGE=0) in C:/Anlogic/TD_6.0.3_PHX_Release_152.183/arch/ph1_macro.v(856)
HDL-1007 : elaborate module freq_alarm_feed in ../../src/freq_alarm_feed.v(1)
HDL-1007 : elaborate module freq_cal in ../../src/freq_cal.v(1)
HDL-1007 : elaborate module freq_cal_AOM2 in ../../src/freq_cal_AOM2.v(3)
HDL-1007 : elaborate module feed_dog in ../../src/feed_dog.v(1)
HDL-1007 : elaborate module reg_delay in ../../src/reg_delay.v(1)
HDL-1007 : elaborate module pll_feed_dog in ../../src/pll_feed_dog.v(1)
HDL-1007 : elaborate module core in ../../src/core.v(1)
HDL-1007 : elaborate module pump in ../../src/pump.v(1)
HDL-1007 : elaborate module pump_ramp in ../../src/pump_ramp.v(1)
HDL-1007 : elaborate module spi in ../../src/spi.v(11)
HDL-1007 : elaborate module dac_TPC112S1 in ../../src/dac_TPC112S1.v(9)
HDL-1007 : elaborate module airpump_speed_adj in ../../src/airpump_speed_adj.v(1)
HDL-5007 WARNING: actual bit length 12 differs from formal bit length 8 for port 'ANALOG_8BIT' in ../../src/top.v(568)
HDL-5007 WARNING: actual bit length 14 differs from formal bit length 8 for port 'AOM2_DATA' in ../../src/top.v(578)
HDL-1007 : elaborate module burst in ../../src/burst.v(1)
HDL-1007 : elaborate module AND_DELAY in ../../src/AND_DELAY.v(3)
HDL-1007 : elaborate module OR_GATE_16 in ../../src/OR_GATE_16.v(3)
HDL-1007 : elaborate module PH1_LOGIC_BUF in C:/Anlogic/TD_6.0.3_PHX_Release_152.183/arch/ph1_macro.v(290)
HDL-5007 WARNING: actual bit length 8 differs from formal bit length 6 for port 'dly_num' in ../../src/burst.v(310)
HDL-5007 WARNING: actual bit length 12 differs from formal bit length 6 for port 'dly_num' in ../../src/burst.v(635)
HDL-1007 : elaborate module AOM2_TTL in ../../src/AOM2_TTL.v(2)
HDL-1007 : elaborate module fiber_break in ../../src/fiber_break.v(3)
HDL-1007 : elaborate module alarm_mon in ../../src/alarm_mon.v(1)
HDL-1007 : elaborate module high_alarm in ../../src/alarm/high_alarm.v(1)
HDL-5007 WARNING: actual bit length 32 differs from formal bit length 16 for port 'DB_TIME' in ../../src/alarm_mon.v(189)
HDL-1007 : elaborate module low_alarm in ../../src/alarm/low_alarm.v(1)
HDL-5007 WARNING: actual bit length 32 differs from formal bit length 16 for port 'DB_TIME' in ../../src/alarm_mon.v(200)
HDL-5007 WARNING: actual bit length 32 differs from formal bit length 16 for port 'DB_TIME' in ../../src/alarm_mon.v(211)
HDL-5007 WARNING: actual bit length 32 differs from formal bit length 16 for port 'DB_TIME' in ../../src/alarm_mon.v(222)
HDL-5007 WARNING: actual bit length 32 differs from formal bit length 16 for port 'DB_TIME' in ../../src/alarm_mon.v(233)
HDL-5007 WARNING: actual bit length 32 differs from formal bit length 16 for port 'DB_TIME' in ../../src/alarm_mon.v(244)
HDL-5007 WARNING: actual bit length 32 differs from formal bit length 16 for port 'DB_TIME' in ../../src/alarm_mon.v(255)
HDL-5007 WARNING: actual bit length 32 differs from formal bit length 16 for port 'DB_TIME' in ../../src/alarm_mon.v(266)
HDL-5007 WARNING: actual bit length 32 differs from formal bit length 16 for port 'DB_TIME' in ../../src/alarm_mon.v(277)
HDL-5007 WARNING: actual bit length 32 differs from formal bit length 16 for port 'DB_TIME' in ../../src/alarm_mon.v(288)
HDL-5007 WARNING: actual bit length 32 differs from formal bit length 16 for port 'DB_TIME' in ../../src/alarm_mon.v(299)
HDL-5007 Similar messages will be suppressed.
HDL-5007 Similar messages will be suppressed.
HDL-1007 : elaborate module data_sync in ../../src/data_sync.v(1)
HDL-1007 : elaborate module adc_ADS7883 in ../../src/adc_ADS7883.v(9)
HDL-1007 : elaborate module PH1A_MULT12X2 in ../../al_ip/PH1A_MULT12X2.v(5)
HDL-1007 : elaborate module PH1_PHY_DSPMULT in C:/Anlogic/TD_6.0.3_PHX_Release_152.183/arch/ph1_macro.v(515)
HDL-1007 : elaborate module power_lim in ../../src/power_lim.v(1)
HDL-1007 : elaborate module PH1A_MULT10X18 in ../../al_ip/PH1A_MULT10X18.v(5)
HDL-1007 : elaborate module calibration_aom in ../../src/calibration_aom.v(2)
HDL-5007 WARNING: port 'x0' is not connected on this instance in ../../al_ip/PH1A_MULT8X32.v(87)
HDL-1007 : port 'co' remains unconnected for this instance in ../../al_ip/PH1A_MULT8X32.v(87)
HDL-1007 : port 'overflow' remains unconnected for this instance in ../../al_ip/PH1A_MULT8X32.v(87)
HDL-1007 : port 'underflow' remains unconnected for this instance in ../../al_ip/PH1A_MULT8X32.v(87)
HDL-5007 WARNING: port 'clk' is not connected on this instance in ../../al_ip/PH1A_MULT8X32.v(111)
HDL-1007 : elaborate module PH1A_MULT8X32 in ../../al_ip/PH1A_MULT8X32.v(5)
HDL-1007 : elaborate module PH1_PHY_DSPTADD(X1_EXTEND="YES",Z1_SHIFT="YES") in C:/Anlogic/TD_6.0.3_PHX_Release_152.183/arch/ph1_macro.v(545)
HDL-1007 : elaborate module PH1_PHY_DSPMREG(WIDTH=54,DYNAMIC_DATA="D") in C:/Anlogic/TD_6.0.3_PHX_Release_152.183/arch/ph1_macro.v(493)
HDL-5007 WARNING: input port 'x0[53]' is not connected on this instance in ../../al_ip/PH1A_MULT8X32.v(95)
HDL-5007 WARNING: input port 'clk' is not connected on this instance in ../../al_ip/PH1A_MULT8X32.v(118)
HDL-1007 : elaborate module MS9714 in ../../src/MS9714.v(1)
HDL-1007 : elaborate module PCA9555 in ../../src/PCA9555.v(1)
HDL-1007 : elaborate module MOTOR in ../../src/motor.v(1)
HDL-1007 : elaborate module FRENC_WATER in ../../src/FRENC_WATER.v(5)
HDL-1007 : elaborate module filter in ../../src/filter.v(4)
HDL-1007 : elaborate module ICR in ../../src/ICR.v(1)
HDL-1007 : elaborate module led_green in ../../src/led_green.v(1)
HDL-1007 : elaborate module led in ../../src/led.v(1)
HDL-1007 : elaborate module led_debug in ../../src/led_debug.v(1)
HDL-5007 WARNING: net 'PD3_freq[15]' does not have a driver in ../../src/top.v(276)
HDL-5007 WARNING: net 'PD3_LOW_ALM' does not have a driver in ../../src/top.v(298)
HDL-5007 WARNING: net 'overflow_2' does not have a driver in ../../src/top.v(300)
HDL-5007 WARNING: net 'overflow_3' does not have a driver in ../../src/top.v(300)
HDL-5007 WARNING: net 'overflow_4' does not have a driver in ../../src/top.v(300)
HDL-5007 WARNING: net 'BREAK_OUT_2' does not have a driver in ../../src/top.v(301)
HDL-5007 WARNING: net 'BREAK_OUT_3' does not have a driver in ../../src/top.v(301)
HDL-5007 WARNING: net 'BREAK_OUT_4' does not have a driver in ../../src/top.v(301)
HDL-5007 WARNING: net 'SLAVE_SPI_CS' does not have a driver in ../../src/top.v(690)
HDL-5007 WARNING: net 'SLAVE_SPI_SCLK' does not have a driver in ../../src/top.v(691)
HDL-5007 Similar messages will be suppressed.
HDL-1200 : Current top model is top
HDL-1100 : Inferred 0 RAMs.
RUN-1001 : Start to refresh rebuild netlist to the file: D:/FPGA/LF/regenerative amplification/CTRL_V2 OPA-20260515/MASTER_FPGA_Runs/syn_1/elaborated_schematic.db.
RUN-1001 : Exported /
RUN-1001 : Exported libs
RUN-1001 : Exported entities
RUN-1001 : Exported ports
RUN-1001 : Exported pins
RUN-1001 : Exported instances
RUN-1001 : Exported nets
RUN-1001 : Exported buses
RUN-1001 : Exported models
RUN-1003 : finish command "elaborate -top top" in  3.806129s wall, 4.078125s user + 0.093750s system = 4.171875s CPU (109.6%)

RUN-1004 : used memory is 1390 MB, reserved memory is 1444 MB, peak memory is 1390 MB
RUN-1002 : start command "read_adc ../../PH1A_TOP.adc"
RUN-1002 : start command "set_pin_assignment  AIRPUMP_PWM1   LOCATION = V15; IOSTANDARD = LVCMOS33; DRIVESTRENGTH = 8; PULLTYPE = NONE; "
RUN-1002 : start command "set_pin_assignment  AIRPUMP_PWM2   LOCATION = V16; IOSTANDARD = LVCMOS33; DRIVESTRENGTH = 8; PULLTYPE = NONE; "
RUN-1002 : start command "set_pin_assignment  AIR_VALVES_CTL   LOCATION = U17; IOSTANDARD = LVCMOS33; DRIVESTRENGTH = 8; PULLTYPE = NONE; "
RUN-1002 : start command "set_pin_assignment  AOM1_CLK   LOCATION = U1; IOSTANDARD = LVCMOS33; DRIVESTRENGTH = 8; PULLTYPE = NONE; "
RUN-1002 : start command "set_pin_assignment  AOM1_DB[0]   LOCATION = V1; IOSTANDARD = LVCMOS33; DRIVESTRENGTH = 8; PULLTYPE = NONE; "
RUN-1002 : start command "set_pin_assignment  AOM1_DB[10]   LOCATION = L3; IOSTANDARD = LVCMOS33; DRIVESTRENGTH = 8; PULLTYPE = NONE; "
RUN-1002 : start command "set_pin_assignment  AOM1_DB[11]   LOCATION = L1; IOSTANDARD = LVCMOS33; DRIVESTRENGTH = 8; PULLTYPE = NONE; "
RUN-1002 : start command "set_pin_assignment  AOM1_DB[12]   LOCATION = M1; IOSTANDARD = LVCMOS33; DRIVESTRENGTH = 8; PULLTYPE = NONE; "
RUN-1002 : start command "set_pin_assignment  AOM1_DB[13]   LOCATION = K6; IOSTANDARD = LVCMOS33; DRIVESTRENGTH = 8; PULLTYPE = NONE; "
RUN-1002 : start command "set_pin_assignment  AOM1_DB[1]   LOCATION = L6; IOSTANDARD = LVCMOS33; DRIVESTRENGTH = 8; PULLTYPE = NONE; "
RUN-1002 : start command "set_pin_assignment  AOM1_DB[2]   LOCATION = L5; IOSTANDARD = LVCMOS33; DRIVESTRENGTH = 8; PULLTYPE = NONE; "
RUN-1002 : start command "set_pin_assignment  AOM1_DB[3]   LOCATION = K5; IOSTANDARD = LVCMOS33; DRIVESTRENGTH = 8; PULLTYPE = NONE; "
RUN-1002 : start command "set_pin_assignment  AOM1_DB[4]   LOCATION = L4; IOSTANDARD = LVCMOS33; DRIVESTRENGTH = 8; PULLTYPE = NONE; "
RUN-1002 : start command "set_pin_assignment  AOM1_DB[5]   LOCATION = M3; IOSTANDARD = LVCMOS33; DRIVESTRENGTH = 8; PULLTYPE = NONE; "
RUN-1002 : start command "set_pin_assignment  AOM1_DB[6]   LOCATION = M2; IOSTANDARD = LVCMOS33; DRIVESTRENGTH = 8; PULLTYPE = NONE; "
RUN-1002 : start command "set_pin_assignment  AOM1_DB[7]   LOCATION = N2; IOSTANDARD = LVCMOS33; DRIVESTRENGTH = 8; PULLTYPE = NONE; "
RUN-1002 : start command "set_pin_assignment  AOM1_DB[8]   LOCATION = N1; IOSTANDARD = LVCMOS33; DRIVESTRENGTH = 8; PULLTYPE = NONE; "
RUN-1002 : start command "set_pin_assignment  AOM1_DB[9]   LOCATION = K3; IOSTANDARD = LVCMOS33; DRIVESTRENGTH = 8; PULLTYPE = NONE; "
RUN-1002 : start command "set_pin_assignment  AOM1_TTL   LOCATION = U3; IOSTANDARD = LVCMOS33; DRIVESTRENGTH = 8; PULLTYPE = NONE; "
RUN-1002 : start command "set_pin_assignment  AOM2_CLK   LOCATION = P2; IOSTANDARD = LVCMOS33; DRIVESTRENGTH = 8; PULLTYPE = NONE; "
RUN-1002 : start command "set_pin_assignment  AOM2_DB[0]   LOCATION = R2; IOSTANDARD = LVCMOS33; DRIVESTRENGTH = 8; PULLTYPE = NONE; "
RUN-1002 : start command "set_pin_assignment  AOM2_DB[10]   LOCATION = V4; IOSTANDARD = LVCMOS33; DRIVESTRENGTH = 8; PULLTYPE = NONE; "
RUN-1002 : start command "set_pin_assignment  AOM2_DB[11]   LOCATION = U2; IOSTANDARD = LVCMOS33; DRIVESTRENGTH = 8; PULLTYPE = NONE; "
RUN-1002 : start command "set_pin_assignment  AOM2_DB[12]   LOCATION = V2; IOSTANDARD = LVCMOS33; DRIVESTRENGTH = 8; PULLTYPE = NONE; "
RUN-1002 : start command "set_pin_assignment  AOM2_DB[13]   LOCATION = U4; IOSTANDARD = LVCMOS33; DRIVESTRENGTH = 8; PULLTYPE = NONE; "
RUN-1002 : start command "set_pin_assignment  AOM2_DB[1]   LOCATION = P4; IOSTANDARD = LVCMOS33; DRIVESTRENGTH = 8; PULLTYPE = NONE; "
RUN-1002 : start command "set_pin_assignment  AOM2_DB[2]   LOCATION = P3; IOSTANDARD = LVCMOS33; DRIVESTRENGTH = 8; PULLTYPE = NONE; "
RUN-1002 : start command "set_pin_assignment  AOM2_DB[3]   LOCATION = N5; IOSTANDARD = LVCMOS33; DRIVESTRENGTH = 8; PULLTYPE = NONE; "
RUN-1002 : start command "set_pin_assignment  AOM2_DB[4]   LOCATION = P5; IOSTANDARD = LVCMOS33; DRIVESTRENGTH = 8; PULLTYPE = NONE; "
RUN-1002 : start command "set_pin_assignment  AOM2_DB[5]   LOCATION = T5; IOSTANDARD = LVCMOS33; DRIVESTRENGTH = 8; PULLTYPE = NONE; "
RUN-1002 : start command "set_pin_assignment  AOM2_DB[6]   LOCATION = T4; IOSTANDARD = LVCMOS33; DRIVESTRENGTH = 8; PULLTYPE = NONE; "
RUN-1002 : start command "set_pin_assignment  AOM2_DB[7]   LOCATION = R3; IOSTANDARD = LVCMOS33; DRIVESTRENGTH = 8; PULLTYPE = NONE; "
RUN-1002 : start command "set_pin_assignment  AOM2_DB[8]   LOCATION = T3; IOSTANDARD = LVCMOS33; DRIVESTRENGTH = 8; PULLTYPE = NONE; "
RUN-1002 : start command "set_pin_assignment  AOM2_DB[9]   LOCATION = V5; IOSTANDARD = LVCMOS33; DRIVESTRENGTH = 8; PULLTYPE = NONE; "
RUN-1002 : start command "set_pin_assignment  AOM2_TTL   LOCATION = N4; IOSTANDARD = LVCMOS33; DRIVESTRENGTH = 8; PULLTYPE = NONE; "
RUN-1002 : start command "set_pin_assignment  AOM3_CLK   LOCATION = R7; IOSTANDARD = LVCMOS33; DRIVESTRENGTH = 8; PULLTYPE = NONE; "
RUN-1002 : start command "set_pin_assignment  AOM3_DB[0]   LOCATION = T6; IOSTANDARD = LVCMOS33; DRIVESTRENGTH = 8; PULLTYPE = NONE; "
RUN-1002 : start command "set_pin_assignment  AOM3_DB[10]   LOCATION = N6; IOSTANDARD = LVCMOS33; DRIVESTRENGTH = 8; PULLTYPE = NONE; "
RUN-1002 : start command "set_pin_assignment  AOM3_DB[11]   LOCATION = R1; IOSTANDARD = LVCMOS33; DRIVESTRENGTH = 8; PULLTYPE = NONE; "
RUN-1002 : start command "set_pin_assignment  AOM3_DB[12]   LOCATION = T1; IOSTANDARD = LVCMOS33; DRIVESTRENGTH = 8; PULLTYPE = NONE; "
RUN-1002 : start command "set_pin_assignment  AOM3_DB[13]   LOCATION = M4; IOSTANDARD = LVCMOS33; DRIVESTRENGTH = 8; PULLTYPE = NONE; "
RUN-1002 : start command "set_pin_assignment  AOM3_DB[1]   LOCATION = U7; IOSTANDARD = LVCMOS33; DRIVESTRENGTH = 8; PULLTYPE = NONE; "
RUN-1002 : start command "set_pin_assignment  AOM3_DB[2]   LOCATION = U6; IOSTANDARD = LVCMOS33; DRIVESTRENGTH = 8; PULLTYPE = NONE; "
RUN-1002 : start command "set_pin_assignment  AOM3_DB[3]   LOCATION = U9; IOSTANDARD = LVCMOS33; DRIVESTRENGTH = 8; PULLTYPE = NONE; "
RUN-1002 : start command "set_pin_assignment  AOM3_DB[4]   LOCATION = V9; IOSTANDARD = LVCMOS33; DRIVESTRENGTH = 8; PULLTYPE = NONE; "
RUN-1002 : start command "set_pin_assignment  AOM3_DB[5]   LOCATION = V7; IOSTANDARD = LVCMOS33; DRIVESTRENGTH = 8; PULLTYPE = NONE; "
RUN-1002 : start command "set_pin_assignment  AOM3_DB[6]   LOCATION = V6; IOSTANDARD = LVCMOS33; DRIVESTRENGTH = 8; PULLTYPE = NONE; "
RUN-1002 : start command "set_pin_assignment  AOM3_DB[7]   LOCATION = R6; IOSTANDARD = LVCMOS33; DRIVESTRENGTH = 8; PULLTYPE = NONE; "
RUN-1002 : start command "set_pin_assignment  AOM3_DB[8]   LOCATION = R5; IOSTANDARD = LVCMOS33; DRIVESTRENGTH = 8; PULLTYPE = NONE; "
RUN-1002 : start command "set_pin_assignment  AOM3_DB[9]   LOCATION = M6; IOSTANDARD = LVCMOS33; DRIVESTRENGTH = 8; PULLTYPE = NONE; "
RUN-1002 : start command "set_pin_assignment  AOM3_TTL   LOCATION = T8; IOSTANDARD = LVCMOS33; DRIVESTRENGTH = 8; PULLTYPE = NONE; "
RUN-1002 : start command "set_pin_assignment  AOM4_CLK   LOCATION = T10; IOSTANDARD = LVCMOS33; DRIVESTRENGTH = 8; PULLTYPE = NONE; "
RUN-1002 : start command "set_pin_assignment  AOM4_DB[0]   LOCATION = T9; IOSTANDARD = LVCMOS33; DRIVESTRENGTH = 8; PULLTYPE = NONE; "
RUN-1002 : start command "set_pin_assignment  AOM4_DB[10]   LOCATION = T11; IOSTANDARD = LVCMOS33; DRIVESTRENGTH = 8; PULLTYPE = NONE; "
RUN-1002 : start command "set_pin_assignment  AOM4_DB[11]   LOCATION = V17; IOSTANDARD = LVCMOS33; DRIVESTRENGTH = 8; PULLTYPE = NONE; "
RUN-1002 : start command "set_pin_assignment  AOM4_DB[12]   LOCATION = U16; IOSTANDARD = LVCMOS33; DRIVESTRENGTH = 8; PULLTYPE = NONE; "
RUN-1002 : start command "set_pin_assignment  AOM4_DB[13]   LOCATION = U18; IOSTANDARD = LVCMOS33; DRIVESTRENGTH = 8; PULLTYPE = NONE; "
RUN-1002 : start command "set_pin_assignment  AOM4_DB[1]   LOCATION = U13; IOSTANDARD = LVCMOS33; DRIVESTRENGTH = 8; PULLTYPE = NONE; "
RUN-1002 : start command "set_pin_assignment  AOM4_DB[2]   LOCATION = T13; IOSTANDARD = LVCMOS33; DRIVESTRENGTH = 8; PULLTYPE = NONE; "
RUN-1002 : start command "set_pin_assignment  AOM4_DB[3]   LOCATION = V14; IOSTANDARD = LVCMOS33; DRIVESTRENGTH = 8; PULLTYPE = NONE; "
RUN-1002 : start command "set_pin_assignment  AOM4_DB[4]   LOCATION = U14; IOSTANDARD = LVCMOS33; DRIVESTRENGTH = 8; PULLTYPE = NONE; "
RUN-1002 : start command "set_pin_assignment  AOM4_DB[5]   LOCATION = V11; IOSTANDARD = LVCMOS33; DRIVESTRENGTH = 8; PULLTYPE = NONE; "
RUN-1002 : start command "set_pin_assignment  AOM4_DB[6]   LOCATION = V10; IOSTANDARD = LVCMOS33; DRIVESTRENGTH = 8; PULLTYPE = NONE; "
RUN-1002 : start command "set_pin_assignment  AOM4_DB[7]   LOCATION = V12; IOSTANDARD = LVCMOS33; DRIVESTRENGTH = 8; PULLTYPE = NONE; "
RUN-1002 : start command "set_pin_assignment  AOM4_DB[8]   LOCATION = U12; IOSTANDARD = LVCMOS33; DRIVESTRENGTH = 8; PULLTYPE = NONE; "
RUN-1002 : start command "set_pin_assignment  AOM4_DB[9]   LOCATION = U11; IOSTANDARD = LVCMOS33; DRIVESTRENGTH = 8; PULLTYPE = NONE; "
RUN-1002 : start command "set_pin_assignment  AOM4_TTL   LOCATION = R10; IOSTANDARD = LVCMOS33; DRIVESTRENGTH = 8; PULLTYPE = NONE; "
RUN-1002 : start command "set_pin_assignment  EXT_AD_CS   LOCATION = D13; IOSTANDARD = LVCMOS33; DRIVESTRENGTH = 8; PULLTYPE = NONE; "
RUN-1002 : start command "set_pin_assignment  EXT_AD_SCLK   LOCATION = B17; IOSTANDARD = LVCMOS33; DRIVESTRENGTH = 8; PULLTYPE = NONE; "
RUN-1002 : start command "set_pin_assignment  EXT_AD_SDO   LOCATION = D12; IOSTANDARD = LVCMOS33; PULLTYPE = PULLUP; "
RUN-1002 : start command "set_pin_assignment  EXT_ALM   LOCATION = A18; IOSTANDARD = LVCMOS33; DRIVESTRENGTH = 8; PULLTYPE = NONE; "
RUN-1002 : start command "set_pin_assignment  EXT_DATA[0]   LOCATION = G13; IOSTANDARD = LVCMOS33; PULLTYPE = PULLUP; "
RUN-1002 : start command "set_pin_assignment  EXT_DATA[1]   LOCATION = C14; IOSTANDARD = LVCMOS33; PULLTYPE = PULLUP; "
RUN-1002 : start command "set_pin_assignment  EXT_DATA[2]   LOCATION = D14; IOSTANDARD = LVCMOS33; PULLTYPE = PULLUP; "
RUN-1002 : start command "set_pin_assignment  EXT_DATA[3]   LOCATION = B14; IOSTANDARD = LVCMOS33; PULLTYPE = PULLUP; "
RUN-1002 : start command "set_pin_assignment  EXT_DATA[4]   LOCATION = B13; IOSTANDARD = LVCMOS33; PULLTYPE = PULLUP; "
RUN-1002 : start command "set_pin_assignment  EXT_DATA[5]   LOCATION = B12; IOSTANDARD = LVCMOS33; PULLTYPE = PULLUP; "
RUN-1002 : start command "set_pin_assignment  EXT_DATA[6]   LOCATION = C12; IOSTANDARD = LVCMOS33; PULLTYPE = PULLUP; "
RUN-1002 : start command "set_pin_assignment  EXT_DATA[7]   LOCATION = A11; IOSTANDARD = LVCMOS33; PULLTYPE = PULLUP; "
RUN-1002 : start command "set_pin_assignment  EXT_EXMODE   LOCATION = C15; IOSTANDARD = LVCMOS33; PULLTYPE = PULLUP; "
RUN-1002 : start command "set_pin_assignment  EXT_GATE   LOCATION = B16; IOSTANDARD = LVCMOS33; PULLTYPE = PULLUP; "
RUN-1002 : start command "set_pin_assignment  EXT_GUID   LOCATION = D15; IOSTANDARD = LVCMOS33; PULLTYPE = PULLUP; "
RUN-1002 : start command "set_pin_assignment  EXT_INMODE   LOCATION = F15; IOSTANDARD = LVCMOS33; PULLTYPE = PULLUP; "
RUN-1002 : start command "set_pin_assignment  EXT_INTLK1   LOCATION = E15; IOSTANDARD = LVCMOS33; PULLTYPE = PULLUP; "
RUN-1002 : start command "set_pin_assignment  EXT_INTLK2   LOCATION = F16; IOSTANDARD = LVCMOS33; PULLTYPE = PULLUP; "
RUN-1002 : start command "set_pin_assignment  EXT_LAT   LOCATION = B11; IOSTANDARD = LVCMOS33; PULLTYPE = PULLUP; "
RUN-1002 : start command "set_pin_assignment  EXT_OFF   LOCATION = G16; IOSTANDARD = LVCMOS33; PULLTYPE = PULLUP; "
RUN-1002 : start command "set_pin_assignment  EXT_PRR   LOCATION = B18; IOSTANDARD = LVCMOS33; PULLTYPE = PULLUP; "
RUN-1002 : start command "set_pin_assignment  EXT_PWM   LOCATION = A13; IOSTANDARD = LVCMOS33; PULLTYPE = PULLUP; "
RUN-1002 : start command "set_pin_assignment  EXT_RESERVE1   LOCATION = F14; IOSTANDARD = LVCMOS33; PULLTYPE = PULLUP; "
RUN-1002 : start command "set_pin_assignment  EXT_RESERVE2   LOCATION = F13; IOSTANDARD = LVCMOS33; PULLTYPE = PULLUP; "
RUN-1002 : start command "set_pin_assignment  EXT_STATE   LOCATION = A16; IOSTANDARD = LVCMOS33; DRIVESTRENGTH = 8; PULLTYPE = NONE; "
RUN-1002 : start command "set_pin_assignment  EXT_SYNC1   LOCATION = E16; IOSTANDARD = LVCMOS33; DRIVESTRENGTH = 8; PULLTYPE = NONE; "
RUN-1002 : start command "set_pin_assignment  EXT_SYNC2   LOCATION = A14; IOSTANDARD = LVCMOS33; DRIVESTRENGTH = 8; PULLTYPE = NONE; "
RUN-1002 : start command "set_pin_assignment  EXT_TRIG   LOCATION = A15; IOSTANDARD = LVCMOS33; PULLTYPE = PULLUP; "
RUN-1002 : start command "set_pin_assignment  EXT_WATER_ALM   LOCATION = H16; IOSTANDARD = LVCMOS33; PULLTYPE = PULLUP; "
RUN-1002 : start command "set_pin_assignment  FPGA_MCU10   LOCATION = N15; IOSTANDARD = LVCMOS33; PULLTYPE = PULLUP; "
RUN-1002 : start command "set_pin_assignment  FPGA_MCU11   LOCATION = N16; IOSTANDARD = LVCMOS33; PULLTYPE = PULLUP; "
RUN-1002 : start command "set_pin_assignment  FPGA_MCU12   LOCATION = P17; IOSTANDARD = LVCMOS33; PULLTYPE = PULLUP; "
RUN-1002 : start command "set_pin_assignment  FPGA_MCU5   LOCATION = P14; IOSTANDARD = LVCMOS33; PULLTYPE = PULLUP; "
RUN-1002 : start command "set_pin_assignment  FPGA_MCU6   LOCATION = N17; IOSTANDARD = LVCMOS33; PULLTYPE = PULLUP; "
RUN-1002 : start command "set_pin_assignment  FPGA_MCU7   LOCATION = P18; IOSTANDARD = LVCMOS33; PULLTYPE = PULLUP; "
RUN-1002 : start command "set_pin_assignment  FPGA_SW[0]   LOCATION = E17; IOSTANDARD = LVCMOS33; DRIVESTRENGTH = 8; PULLTYPE = NONE; "
RUN-1002 : start command "set_pin_assignment  FPGA_SW[1]   LOCATION = J13; IOSTANDARD = LVCMOS33; DRIVESTRENGTH = 8; PULLTYPE = NONE; "
RUN-1002 : start command "set_pin_assignment  FPGA_WDI   LOCATION = R13; IOSTANDARD = LVCMOS33; DRIVESTRENGTH = 8; PULLTYPE = NONE; "
RUN-1002 : start command "set_pin_assignment  FREQ_PD1   LOCATION = R15; IOSTANDARD = LVCMOS33; PULLTYPE = PULLDOWN; "
RUN-1002 : start command "set_pin_assignment  FREQ_PD2   LOCATION = P15; IOSTANDARD = LVCMOS33; PULLTYPE = PULLDOWN; "
RUN-1002 : start command "set_pin_assignment  FREQ_PD3   LOCATION = R17; IOSTANDARD = LVCMOS33; PULLTYPE = PULLDOWN; "
RUN-1002 : start command "set_pin_assignment  ICR1_A   LOCATION = T14; IOSTANDARD = LVCMOS33; DRIVESTRENGTH = 8; PULLTYPE = NONE; "
RUN-1002 : start command "set_pin_assignment  ICR1_B   LOCATION = T15; IOSTANDARD = LVCMOS33; DRIVESTRENGTH = 8; PULLTYPE = NONE; "
RUN-1002 : start command "set_pin_assignment  ICR2_A   LOCATION = R16; IOSTANDARD = LVCMOS33; DRIVESTRENGTH = 8; PULLTYPE = NONE; "
RUN-1002 : start command "set_pin_assignment  ICR2_B   LOCATION = T16; IOSTANDARD = LVCMOS33; DRIVESTRENGTH = 8; PULLTYPE = NONE; "
RUN-1002 : start command "set_pin_assignment  LOW_24V   LOCATION = R11; IOSTANDARD = LVCMOS33; PULLTYPE = PULLUP; "
RUN-1002 : start command "set_pin_assignment  MCU_ERR   LOCATION = M16; IOSTANDARD = LVCMOS33; PULLTYPE = PULLUP; "
RUN-1002 : start command "set_pin_assignment  MCU_ESTOP   LOCATION = M17; IOSTANDARD = LVCMOS33; PULLTYPE = PULLUP; "
RUN-1002 : start command "set_pin_assignment  MD_DAC_CS[0]   LOCATION = F5; IOSTANDARD = LVCMOS33; DRIVESTRENGTH = 8; PULLTYPE = NONE; "
RUN-1002 : start command "set_pin_assignment  MD_DAC_CS[10]   LOCATION = H2; IOSTANDARD = LVCMOS33; DRIVESTRENGTH = 8; PULLTYPE = NONE; "
RUN-1002 : start command "set_pin_assignment  MD_DAC_CS[11]   LOCATION = G1; IOSTANDARD = LVCMOS33; DRIVESTRENGTH = 8; PULLTYPE = NONE; "
RUN-1002 : start command "set_pin_assignment  MD_DAC_CS[12]   LOCATION = F1; IOSTANDARD = LVCMOS33; DRIVESTRENGTH = 8; PULLTYPE = NONE; "
RUN-1002 : start command "set_pin_assignment  MD_DAC_CS[13]   LOCATION = G3; IOSTANDARD = LVCMOS33; DRIVESTRENGTH = 8; PULLTYPE = NONE; "
RUN-1002 : start command "set_pin_assignment  MD_DAC_CS[14]   LOCATION = J4; IOSTANDARD = LVCMOS33; DRIVESTRENGTH = 8; PULLTYPE = NONE; "
RUN-1002 : start command "set_pin_assignment  MD_DAC_CS[1]   LOCATION = B6; IOSTANDARD = LVCMOS33; DRIVESTRENGTH = 8; PULLTYPE = NONE; "
RUN-1002 : start command "set_pin_assignment  MD_DAC_CS[2]   LOCATION = A6; IOSTANDARD = LVCMOS33; DRIVESTRENGTH = 8; PULLTYPE = NONE; "
RUN-1002 : start command "set_pin_assignment  MD_DAC_CS[3]   LOCATION = E5; IOSTANDARD = LVCMOS33; DRIVESTRENGTH = 8; PULLTYPE = NONE; "
RUN-1002 : start command "set_pin_assignment  MD_DAC_CS[4]   LOCATION = E7; IOSTANDARD = LVCMOS33; DRIVESTRENGTH = 8; PULLTYPE = NONE; "
RUN-1002 : start command "set_pin_assignment  MD_DAC_CS[5]   LOCATION = A3; IOSTANDARD = LVCMOS33; DRIVESTRENGTH = 8; PULLTYPE = NONE; "
RUN-1002 : start command "set_pin_assignment  MD_DAC_CS[6]   LOCATION = B1; IOSTANDARD = LVCMOS33; DRIVESTRENGTH = 8; PULLTYPE = NONE; "
RUN-1002 : start command "set_pin_assignment  MD_DAC_CS[7]   LOCATION = D4; IOSTANDARD = LVCMOS33; DRIVESTRENGTH = 8; PULLTYPE = NONE; "
RUN-1002 : start command "set_pin_assignment  MD_DAC_CS[8]   LOCATION = E3; IOSTANDARD = LVCMOS33; DRIVESTRENGTH = 8; PULLTYPE = NONE; "
RUN-1002 : start command "set_pin_assignment  MD_DAC_CS[9]   LOCATION = D2; IOSTANDARD = LVCMOS33; DRIVESTRENGTH = 8; PULLTYPE = NONE; "
RUN-1002 : start command "set_pin_assignment  MD_DAC_DOUT[0]   LOCATION = C6; IOSTANDARD = LVCMOS33; DRIVESTRENGTH = 8; PULLTYPE = NONE; "
RUN-1002 : start command "set_pin_assignment  MD_DAC_DOUT[10]   LOCATION = C2; IOSTANDARD = LVCMOS33; DRIVESTRENGTH = 8; PULLTYPE = NONE; "
RUN-1002 : start command "set_pin_assignment  MD_DAC_DOUT[11]   LOCATION = E1; IOSTANDARD = LVCMOS33; DRIVESTRENGTH = 8; PULLTYPE = NONE; "
RUN-1002 : start command "set_pin_assignment  MD_DAC_DOUT[12]   LOCATION = G6; IOSTANDARD = LVCMOS33; DRIVESTRENGTH = 8; PULLTYPE = NONE; "
RUN-1002 : start command "set_pin_assignment  MD_DAC_DOUT[13]   LOCATION = H4; IOSTANDARD = LVCMOS33; DRIVESTRENGTH = 8; PULLTYPE = NONE; "
RUN-1002 : start command "set_pin_assignment  MD_DAC_DOUT[14]   LOCATION = J3; IOSTANDARD = LVCMOS33; DRIVESTRENGTH = 8; PULLTYPE = NONE; "
RUN-1002 : start command "set_pin_assignment  MD_DAC_DOUT[1]   LOCATION = A5; IOSTANDARD = LVCMOS33; DRIVESTRENGTH = 8; PULLTYPE = NONE; "
RUN-1002 : start command "set_pin_assignment  MD_DAC_DOUT[2]   LOCATION = D8; IOSTANDARD = LVCMOS33; DRIVESTRENGTH = 8; PULLTYPE = NONE; "
RUN-1002 : start command "set_pin_assignment  MD_DAC_DOUT[3]   LOCATION = D7; IOSTANDARD = LVCMOS33; DRIVESTRENGTH = 8; PULLTYPE = NONE; "
RUN-1002 : start command "set_pin_assignment  MD_DAC_DOUT[4]   LOCATION = C4; IOSTANDARD = LVCMOS33; DRIVESTRENGTH = 8; PULLTYPE = NONE; "
RUN-1002 : start command "set_pin_assignment  MD_DAC_DOUT[5]   LOCATION = A1; IOSTANDARD = LVCMOS33; DRIVESTRENGTH = 8; PULLTYPE = NONE; "
RUN-1002 : start command "set_pin_assignment  MD_DAC_DOUT[6]   LOCATION = B3; IOSTANDARD = LVCMOS33; DRIVESTRENGTH = 8; PULLTYPE = NONE; "
RUN-1002 : start command "set_pin_assignment  MD_DAC_DOUT[7]   LOCATION = D3; IOSTANDARD = LVCMOS33; DRIVESTRENGTH = 8; PULLTYPE = NONE; "
RUN-1002 : start command "set_pin_assignment  MD_DAC_DOUT[8]   LOCATION = F4; IOSTANDARD = LVCMOS33; DRIVESTRENGTH = 8; PULLTYPE = NONE; "
RUN-1002 : start command "set_pin_assignment  MD_DAC_DOUT[9]   LOCATION = G2; IOSTANDARD = LVCMOS33; DRIVESTRENGTH = 8; PULLTYPE = NONE; "
RUN-1002 : start command "set_pin_assignment  MD_DAC_SCLK[0]   LOCATION = C5; IOSTANDARD = LVCMOS33; DRIVESTRENGTH = 8; PULLTYPE = NONE; "
RUN-1002 : start command "set_pin_assignment  MD_DAC_SCLK[10]   LOCATION = C1; IOSTANDARD = LVCMOS33; DRIVESTRENGTH = 8; PULLTYPE = NONE; "
RUN-1002 : start command "set_pin_assignment  MD_DAC_SCLK[11]   LOCATION = H1; IOSTANDARD = LVCMOS33; DRIVESTRENGTH = 8; PULLTYPE = NONE; "
RUN-1002 : start command "set_pin_assignment  MD_DAC_SCLK[12]   LOCATION = F6; IOSTANDARD = LVCMOS33; DRIVESTRENGTH = 8; PULLTYPE = NONE; "
RUN-1002 : start command "set_pin_assignment  MD_DAC_SCLK[13]   LOCATION = G4; IOSTANDARD = LVCMOS33; DRIVESTRENGTH = 8; PULLTYPE = NONE; "
RUN-1002 : start command "set_pin_assignment  MD_DAC_SCLK[14]   LOCATION = J2; IOSTANDARD = LVCMOS33; DRIVESTRENGTH = 8; PULLTYPE = NONE; "
RUN-1002 : start command "set_pin_assignment  MD_DAC_SCLK[1]   LOCATION = B7; IOSTANDARD = LVCMOS33; DRIVESTRENGTH = 8; PULLTYPE = NONE; "
RUN-1002 : start command "set_pin_assignment  MD_DAC_SCLK[2]   LOCATION = C7; IOSTANDARD = LVCMOS33; DRIVESTRENGTH = 8; PULLTYPE = NONE; "
RUN-1002 : start command "set_pin_assignment  MD_DAC_SCLK[3]   LOCATION = E6; IOSTANDARD = LVCMOS33; DRIVESTRENGTH = 8; PULLTYPE = NONE; "
RUN-1002 : start command "set_pin_assignment  MD_DAC_SCLK[4]   LOCATION = B4; IOSTANDARD = LVCMOS33; DRIVESTRENGTH = 8; PULLTYPE = NONE; "
RUN-1002 : start command "set_pin_assignment  MD_DAC_SCLK[5]   LOCATION = A4; IOSTANDARD = LVCMOS33; DRIVESTRENGTH = 8; PULLTYPE = NONE; "
RUN-1002 : start command "set_pin_assignment  MD_DAC_SCLK[6]   LOCATION = B2; IOSTANDARD = LVCMOS33; DRIVESTRENGTH = 8; PULLTYPE = NONE; "
RUN-1002 : start command "set_pin_assignment  MD_DAC_SCLK[7]   LOCATION = D5; IOSTANDARD = LVCMOS33; DRIVESTRENGTH = 8; PULLTYPE = NONE; "
RUN-1002 : start command "set_pin_assignment  MD_DAC_SCLK[8]   LOCATION = F3; IOSTANDARD = LVCMOS33; DRIVESTRENGTH = 8; PULLTYPE = NONE; "
RUN-1002 : start command "set_pin_assignment  MD_DAC_SCLK[9]   LOCATION = E2; IOSTANDARD = LVCMOS33; DRIVESTRENGTH = 8; PULLTYPE = NONE; "
RUN-1002 : start command "set_pin_assignment  MOTOR1_ccw   LOCATION = L16; IOSTANDARD = LVCMOS33; PULLTYPE = PULLUP; "
RUN-1002 : start command "set_pin_assignment  MOTOR1_cw   LOCATION = M14; IOSTANDARD = LVCMOS33; PULLTYPE = PULLUP; "
RUN-1002 : start command "set_pin_assignment  MOTOR1_direct   LOCATION = L18; IOSTANDARD = LVCMOS33; DRIVESTRENGTH = 8; PULLTYPE = NONE; "
RUN-1002 : start command "set_pin_assignment  MOTOR1_enable   LOCATION = R12; IOSTANDARD = LVCMOS33; DRIVESTRENGTH = 8; PULLTYPE = NONE; "
RUN-1002 : start command "set_pin_assignment  MOTOR1_origin   LOCATION = L14; IOSTANDARD = LVCMOS33; PULLTYPE = PULLUP; "
RUN-1002 : start command "set_pin_assignment  MOTOR1_pulse   LOCATION = M18; IOSTANDARD = LVCMOS33; DRIVESTRENGTH = 8; PULLTYPE = NONE; "
RUN-1002 : start command "set_pin_assignment  ONLINE_PROG[0]   LOCATION = R8; IOSTANDARD = LVCMOS33; DRIVESTRENGTH = 8; PULLTYPE = NONE; "
RUN-1002 : start command "set_pin_assignment  ONLINE_PROG[1]   LOCATION = U8; IOSTANDARD = LVCMOS33; DRIVESTRENGTH = 8; PULLTYPE = NONE; "
RUN-1002 : start command "set_pin_assignment  PTOTE_PD1   LOCATION = G14; IOSTANDARD = LVCMOS33; PULLTYPE = PULLUP; "
RUN-1002 : start command "set_pin_assignment  PTOTE_PD2   LOCATION = H14; IOSTANDARD = LVCMOS33; PULLTYPE = PULLUP; "
RUN-1002 : start command "set_pin_assignment  PTOTE_PD3   LOCATION = D17; IOSTANDARD = LVCMOS33; PULLTYPE = PULLUP; "
RUN-1002 : start command "set_pin_assignment  PUMP_SW[0]   LOCATION = G17; IOSTANDARD = LVCMOS33; DRIVESTRENGTH = 8; PULLTYPE = NONE; "
RUN-1002 : start command "set_pin_assignment  PUMP_SW[10]   LOCATION = J18; IOSTANDARD = LVCMOS33; DRIVESTRENGTH = 8; PULLTYPE = NONE; "
RUN-1002 : start command "set_pin_assignment  PUMP_SW[11]   LOCATION = J17; IOSTANDARD = LVCMOS33; DRIVESTRENGTH = 8; PULLTYPE = NONE; "
RUN-1002 : start command "set_pin_assignment  PUMP_SW[12]   LOCATION = J15; IOSTANDARD = LVCMOS33; DRIVESTRENGTH = 8; PULLTYPE = NONE; "
RUN-1002 : start command "set_pin_assignment  PUMP_SW[13]   LOCATION = K15; IOSTANDARD = LVCMOS33; DRIVESTRENGTH = 8; PULLTYPE = NONE; "
RUN-1002 : start command "set_pin_assignment  PUMP_SW[14]   LOCATION = K16; IOSTANDARD = LVCMOS33; DRIVESTRENGTH = 8; PULLTYPE = NONE; "
RUN-1002 : start command "set_pin_assignment  PUMP_SW[1]   LOCATION = H17; IOSTANDARD = LVCMOS33; DRIVESTRENGTH = 8; PULLTYPE = NONE; "
RUN-1002 : start command "set_pin_assignment  PUMP_SW[2]   LOCATION = H15; IOSTANDARD = LVCMOS33; DRIVESTRENGTH = 8; PULLTYPE = NONE; "
RUN-1002 : start command "set_pin_assignment  PUMP_SW[3]   LOCATION = J14; IOSTANDARD = LVCMOS33; DRIVESTRENGTH = 8; PULLTYPE = NONE; "
RUN-1002 : start command "set_pin_assignment  PUMP_SW[4]   LOCATION = C17; IOSTANDARD = LVCMOS33; DRIVESTRENGTH = 8; PULLTYPE = NONE; "
RUN-1002 : start command "set_pin_assignment  PUMP_SW[5]   LOCATION = C16; IOSTANDARD = LVCMOS33; DRIVESTRENGTH = 8; PULLTYPE = NONE; "
RUN-1002 : start command "set_pin_assignment  PUMP_SW[6]   LOCATION = D18; IOSTANDARD = LVCMOS33; DRIVESTRENGTH = 8; PULLTYPE = NONE; "
RUN-1002 : start command "set_pin_assignment  PUMP_SW[7]   LOCATION = E18; IOSTANDARD = LVCMOS33; DRIVESTRENGTH = 8; PULLTYPE = NONE; "
RUN-1002 : start command "set_pin_assignment  PUMP_SW[8]   LOCATION = F18; IOSTANDARD = LVCMOS33; DRIVESTRENGTH = 8; PULLTYPE = NONE; "
RUN-1002 : start command "set_pin_assignment  PUMP_SW[9]   LOCATION = G18; IOSTANDARD = LVCMOS33; DRIVESTRENGTH = 8; PULLTYPE = NONE; "
RUN-1002 : start command "set_pin_assignment  SPI_CS   LOCATION = M13; IOSTANDARD = LVCMOS33; PULLTYPE = PULLUP; "
RUN-1002 : start command "set_pin_assignment  SPI_SCLK   LOCATION = R18; IOSTANDARD = LVCMOS33; PULLTYPE = PULLUP; "
RUN-1002 : start command "set_pin_assignment  SPI_SDI   LOCATION = T18; IOSTANDARD = LVCMOS33; PULLTYPE = PULLUP; "
RUN-1002 : start command "set_pin_assignment  SPI_SDO   LOCATION = N14; IOSTANDARD = LVCMOS33; DRIVESTRENGTH = 8; PULLTYPE = NONE; "
RUN-1002 : start command "set_pin_assignment  TIME_SEQ_ALM_INT1   LOCATION = H5; IOSTANDARD = LVCMOS33; PULLTYPE = PULLUP; "
RUN-1002 : start command "set_pin_assignment  TIME_SEQ_ALM_INT2   LOCATION = H6; IOSTANDARD = LVCMOS33; PULLTYPE = PULLUP; "
RUN-1002 : start command "set_pin_assignment  TIME_SEQ_ALM_SCL   LOCATION = K1; IOSTANDARD = LVCMOS33; DRIVESTRENGTH = 8; PULLTYPE = NONE; "
RUN-1002 : start command "set_pin_assignment  TIME_SEQ_ALM_SDA   LOCATION = K2; IOSTANDARD = LVCMOS33; DRIVESTRENGTH = 8; PULLTYPE = PULLUP; "
RUN-1002 : start command "set_pin_assignment  clk_in   LOCATION = A10; IOSTANDARD = LVCMOS33; PULLTYPE = PULLUP; "
RUN-1002 : start command "set_pin_assignment  debug_led[0]   LOCATION = D10; IOSTANDARD = LVCMOS33; DRIVESTRENGTH = 8; PULLTYPE = NONE; "
RUN-1002 : start command "set_pin_assignment  debug_led[1]   LOCATION = J5; IOSTANDARD = LVCMOS33; DRIVESTRENGTH = 8; PULLTYPE = NONE; "
RUN-1002 : start command "set_pin_assignment  debug_led[2]   LOCATION = C11; IOSTANDARD = LVCMOS33; DRIVESTRENGTH = 8; PULLTYPE = NONE; "
RUN-1002 : start command "set_pin_assignment  debug_led[3]   LOCATION = A9; IOSTANDARD = LVCMOS33; DRIVESTRENGTH = 8; PULLTYPE = NONE; "
RUN-1002 : start command "set_pin_assignment  online1_INT   LOCATION = D9; IOSTANDARD = LVCMOS33; PULLTYPE = PULLUP; "
RUN-1002 : start command "set_pin_assignment  online1_SCL   LOCATION = C9; IOSTANDARD = LVCMOS33; DRIVESTRENGTH = 8; PULLTYPE = NONE; "
RUN-1002 : start command "set_pin_assignment  online1_SDA   LOCATION = B9; IOSTANDARD = LVCMOS33; DRIVESTRENGTH = 8; PULLTYPE = PULLUP; "
RUN-1002 : start command "set_pin_assignment  online2_INT   LOCATION = A8; IOSTANDARD = LVCMOS33; PULLTYPE = PULLUP; "
RUN-1002 : start command "set_pin_assignment  online2_SCL   LOCATION = B8; IOSTANDARD = LVCMOS33; DRIVESTRENGTH = 8; PULLTYPE = NONE; "
RUN-1002 : start command "set_pin_assignment  online2_SDA   LOCATION = C10; IOSTANDARD = LVCMOS33; DRIVESTRENGTH = 8; PULLTYPE = PULLUP; "
RUN-1001 : Starting of IO setups legality check.
RUN-1002 : start command "export_db MASTER_FPGA_elaborate.db"
RUN-1001 : Exported flow parameters
RUN-1001 : Exported /
RUN-1001 : Exported libs
RUN-1001 : Exported entities
RUN-1001 : Exported ports
RUN-1001 : Exported pins
RUN-1001 : Exported instances
RUN-1001 : Exported nets
RUN-1001 : Exported buses
RUN-1001 : Exported models
RUN-1001 : Exported packer
RUN-1001 : Exported congestions
RUN-1001 : Exported violations
RUN-1001 : Exported IO constraints
RUN-1001 : Exported Inst constraints
RUN-1001 : Exported ChipWatcher
RUN-1002 : start command "commit_param -step rtl"
RUN-1001 : Print Global Property
RUN-1001 : -------------------------------------------------------------
RUN-1001 :     Parameters    |   Settings   |  Default Values  |  Note  
RUN-1001 : -------------------------------------------------------------
RUN-1001 :    enable_seed    |     off      |       off        |        
RUN-1001 :    hfn_to_clock   |  1000000000  |    1000000000    |        
RUN-1001 :      message      |   standard   |     standard     |        
RUN-1001 :    qor_monitor    |      on      |        on        |        
RUN-1001 :   speedup_effort  |      0       |        0         |        
RUN-1001 :    syn_ip_flow    |     off      |       off        |        
RUN-1001 :       thread      |     auto     |       auto       |        
RUN-1001 : -------------------------------------------------------------
RUN-1001 : Print Rtl Property
RUN-1001 : ------------------------------------------------------------
RUN-1001 :     Parameters     |  Settings  |  Default Values  |  Note  
RUN-1001 : ------------------------------------------------------------
RUN-1001 :    fix_undriven    |     0      |        0         |        
RUN-1001 :      infer_fsm     |    off     |       off        |        
RUN-1001 :      infer_rom     |     on     |        on        |        
RUN-1001 :    infer_shifter   |     on     |        on        |        
RUN-1001 :   keep_hierarchy   |    auto    |       auto       |        
RUN-1001 :     merge_equal    |     on     |        on        |        
RUN-1001 :   min_control_set  |     8      |        8         |        
RUN-1001 :   min_ripple_len   |    auto    |       auto       |        
RUN-1001 :       seq_syn      |     on     |        on        |        
RUN-1001 : ------------------------------------------------------------
RUN-1002 : start command "insert_debugger"
RUN-1002 : start command "optimize_rtl"
RUN-1001 : Open license file C:/Anlogic/TD_6.0.3_PHX_Release_152.183/license/Anlogic.lic
SYN-1001 : Stage 1 | Optimize RTL
SYN-1001 : Stage 1.1 | Check Design Sanity
SYN-1001 : End Stage 1.1 | Check Design Sanity; Time: 0.011063s wall, 0.015625s user + 0.000000s system = 0.015625s CPU (141.2%); Memory(MB): used = 1392, reserved = 1444, peak = 1393;

SYN-1001 : Stage 1.2 | Initialize Design
SYN-1001 : End Stage 1.2 | Initialize Design; Time: 0.006568s wall, 0.000000s user + 0.000000s system = 0.000000s CPU (n/a%); Memory(MB): used = 1392, reserved = 1444, peak = 1393;

SYN-1001 : Stage 1.3 | Flatten Module
SYN-1011 : Flatten model top
SYN-1050 : Instances selected by 'keep_hierarchy':
RUN-1001 : -------------------------------------------------------------------------------------------------
RUN-1001 :           instance           |  keep_hierarchy  |   down_module    |         file(line)          
RUN-1001 : -------------------------------------------------------------------------------------------------
RUN-1001 :  calibration_aom/PH1A_MU...  |       true       |  PH1A_MULT8X32   | ../../src/calibration_a...  
RUN-1001 :   power_lim/PH1A_MULT10X18   |       true       |  PH1A_MULT10X18  |  ../../src/power_lim.v(12)  
RUN-1001 :         PH1A_MULT18X4        |       true       |  PH1A_MULT12X2   |    ../../src/top.v(933)     
RUN-1001 : -------------------------------------------------------------------------------------------------
SYN-5074 WARNING: Dangling multi-driven net "SYS_PLL/open" with first driver pin "SYS_PLL/pll_inst.clkcb[7]" in ../../al_ip/PH1A_SYS_PLL.v(132)
SYN-5074 WARNING: Dangling multi-driven net "SYS_PLL/open" with other driver pin "SYS_PLL/pll_inst.clkcb[6]" in ../../al_ip/PH1A_SYS_PLL.v(132)
SYN-5074 WARNING: Dangling multi-driven net "pd1_4times/open" with first driver pin "pd1_4times/pll_inst.clkcb[7]" in ../../al_ip/PLL_BASE_FREQ.v(100)
SYN-5074 WARNING: Dangling multi-driven net "pd1_4times/open" with other driver pin "pd1_4times/pll_inst.clkcb[6]" in ../../al_ip/PLL_BASE_FREQ.v(100)
SYN-1001 : End Stage 1.3 | Flatten Module; Time: 0.869911s wall, 0.875000s user + 0.000000s system = 0.875000s CPU (100.6%); Memory(MB): used = 1395, reserved = 1445, peak = 1395;

SYN-1001 : Stage 1.4 | Uniform Instance
SYN-5013 WARNING: Undriven net: model "top" / net "alarm_mon/FREQ3_THR_H[15]" in ../../src/alarm_mon.v(28)
		the net's pin: pin "i0[15]" in ../../src/alarm_mon.v(179)
SYN-5013 WARNING: Undriven net: model "top" / net "alarm_mon/FREQ3_THR_H[14]" in ../../src/alarm_mon.v(28)
		the net's pin: pin "i0[14]" in ../../src/alarm_mon.v(179)
SYN-5013 WARNING: Undriven net: model "top" / net "alarm_mon/FREQ3_THR_H[13]" in ../../src/alarm_mon.v(28)
		the net's pin: pin "i0[13]" in ../../src/alarm_mon.v(179)
SYN-5013 WARNING: Undriven net: model "top" / net "alarm_mon/FREQ3_THR_H[12]" in ../../src/alarm_mon.v(28)
		the net's pin: pin "i0[12]" in ../../src/alarm_mon.v(179)
SYN-5013 WARNING: Undriven net: model "top" / net "alarm_mon/FREQ3_THR_H[11]" in ../../src/alarm_mon.v(28)
		the net's pin: pin "i0[11]" in ../../src/alarm_mon.v(179)
SYN-5013 WARNING: Undriven net: model "top" / net "alarm_mon/FREQ3_THR_H[10]" in ../../src/alarm_mon.v(28)
		the net's pin: pin "i0[10]" in ../../src/alarm_mon.v(179)
SYN-5013 WARNING: Undriven net: model "top" / net "alarm_mon/FREQ3_THR_H[9]" in ../../src/alarm_mon.v(28)
		the net's pin: pin "i0[9]" in ../../src/alarm_mon.v(179)
SYN-5013 WARNING: Undriven net: model "top" / net "alarm_mon/FREQ3_THR_H[8]" in ../../src/alarm_mon.v(28)
		the net's pin: pin "i0[8]" in ../../src/alarm_mon.v(179)
SYN-5013 WARNING: Undriven net: model "top" / net "alarm_mon/FREQ3_THR_H[7]" in ../../src/alarm_mon.v(28)
		the net's pin: pin "i0[7]" in ../../src/alarm_mon.v(179)
SYN-5013 WARNING: Undriven net: model "top" / net "alarm_mon/FREQ3_THR_H[6]" in ../../src/alarm_mon.v(28)
		the net's pin: pin "i0[6]" in ../../src/alarm_mon.v(179)
SYN-5013 Similar messages will be suppressed.
SYN-5025 WARNING: Using 0 for all undriven pins and nets
SYN-1001 : End Stage 1.4 | Uniform Instance; Time: 0.240300s wall, 0.218750s user + 0.015625s system = 0.234375s CPU (97.5%); Memory(MB): used = 1335, reserved = 1385, peak = 1395;

SYN-1001 : Stage 1.5 | Optimize Design
SYN-1001 : Optimize 1 decoder instances
SYN-1021 : Optimized 185 onehot mux instances.
SYN-1021 : Optimized 2 onehot mux instances.
PHY-1001 : Populate physical database on model top.
RUN-1001 : There are total 29523 instances
RUN-1001 : 0 mslices, 0 lslices, 0 pads, 0 brams, 4 dsps
RUN-1001 : There are total 53777 nets
RUN-6004 WARNING: There are 2 nets with only 1 pin.
RUN-1001 : 40988 nets have 2 pins
RUN-1001 : 9853 nets have [3 - 5] pins
RUN-1001 : 1387 nets have [6 - 10] pins
RUN-1001 : 1067 nets have [11 - 20] pins
RUN-1001 : 281 nets have [21 - 99] pins
RUN-1001 : 199 nets have 100+ pins
SYN-1016 : Merged 5625 instances.
SYN-1016 : Merged 11489 instances.
SYN-1001 : End Stage 1.5 | Optimize Design; Time: 6.293628s wall, 6.265625s user + 0.031250s system = 6.296875s CPU (100.1%); Memory(MB): used = 1324, reserved = 1372, peak = 1395;

SYN-1001 : Stage 1.6 | Optimize Iteratively
SYN-1018 : Transformed 1 mux instances.
SYN-1019 : Optimized 141 mux instances.
SYN-1021 : Optimized 120 onehot mux instances.
TMR-2502 : Net delay update with mode: Synthesized
SYN-1014 : Optimize round 1
SYN-1044 : Optimized 17 inv instances.
SYN-1017 : Remove 44 const input seq instances
SYN-1019 : Optimized 39 mux instances.
SYN-1020 : Optimized 1190 distributor mux.
SYN-1001 : Optimize 29 less-than instances
SYN-1019 : Optimized 20 mux instances.
SYN-1016 : Merged 2531 instances.
SYN-1015 : Optimize round 1, 11829 better
SYN-1014 : Optimize round 2
SYN-1044 : Optimized 9 inv instances.
SYN-1017 : Remove 5 const input seq instances
SYN-1019 : Optimized 10 mux instances.
SYN-1020 : Optimized 2 distributor mux.
SYN-1016 : Merged 2 instances.
SYN-1015 : Optimize round 2, 1009 better
TMR-2502 : Net delay update with mode: Synthesized
SYN-3010 : Optimized 45 DFF(s)
SYN-1014 : Optimize round 1
SYN-1016 : Merged 3 instances.
SYN-1015 : Optimize round 1, 27 better
SYN-1014 : Optimize round 2
SYN-1015 : Optimize round 2, 0 better
SYN-1001 : End Stage 1.6 | Optimize Iteratively; Time: 19.317339s wall, 19.093750s user + 0.156250s system = 19.250000s CPU (99.7%); Memory(MB): used = 1372, reserved = 1325, peak = 1441;

SYN-1001 : Stage 1.7 | Check Design
SYN-1001 : End Stage 1.7 | Check Design; Time: 0.009505s wall, 0.015625s user + 0.000000s system = 0.015625s CPU (164.4%); Memory(MB): used = 1372, reserved = 1325, peak = 1441;

SYN-1001 : End Stage 1 | Optimize RTL; Time: 26.749109s wall, 26.484375s user + 0.203125s system = 26.687500s CPU (99.8%); Memory(MB): used = 1372, reserved = 1325, peak = 1441;

RUN-1003 : finish command "optimize_rtl" in  26.761684s wall, 26.500000s user + 0.203125s system = 26.703125s CPU (99.8%)

RUN-1004 : used memory is 1372 MB, reserved memory is 1325 MB, peak memory is 1441 MB
RUN-1002 : start command "report_area -file MASTER_FPGA_rtl.area"
RUN-1001 : standard
***Report Model: top Device: PH1A60GEG324***

IO Statistics
#IO                       160
  #input                   30
  #output                 127
  #inout                    3

Gate Statistics
#Basic gates            19887
  #and                   5602
  #nand                     0
  #or                    3171
  #nor                      0
  #xor                      0
  #xnor                     0
  #buf                      0
  #not                    943
  #bufif1                   1
  #MX21                  1254
  #FADD                     0
  #DFF                   8916
  #LATCH                    0
#MACRO_ADD                337
#MACRO_EQ                 403
#MACRO_MUX               2749
#MACRO_OTHERS             132

RUN-1002 : start command "export_db MASTER_FPGA_rtl.db"
RUN-1001 : Exported flow parameters
RUN-1001 : Exported /
RUN-1001 : Exported libs
RUN-1001 : Exported entities
RUN-1001 : Exported ports
RUN-1001 : Exported pins
RUN-1001 : Exported instances
RUN-1001 : Exported nets
RUN-1001 : Exported buses
RUN-1001 : Exported models
RUN-1001 : Exported packer
RUN-1001 : Exported congestions
RUN-1001 : Exported violations
RUN-1001 : Exported IO constraints
RUN-1001 : Exported Inst constraints
RUN-1001 : Exported ChipWatcher
RUN-1002 : start command "commit_param -step gate"
RUN-1001 : Print Global Property
RUN-1001 : -------------------------------------------------------------
RUN-1001 :     Parameters    |   Settings   |  Default Values  |  Note  
RUN-1001 : -------------------------------------------------------------
RUN-1001 :    enable_seed    |     off      |       off        |        
RUN-1001 :    hfn_to_clock   |  1000000000  |    1000000000    |        
RUN-1001 :      message      |   standard   |     standard     |        
RUN-1001 :    qor_monitor    |      on      |        on        |        
RUN-1001 :   speedup_effort  |      0       |        0         |        
RUN-1001 :    syn_ip_flow    |     off      |       off        |        
RUN-1001 :       thread      |     auto     |       auto       |        
RUN-1001 : -------------------------------------------------------------
RUN-1001 : Print Gate Property
RUN-1001 : ----------------------------------------------------------------
RUN-1001 :       Parameters       |  Settings  |  Default Values  |  Note  
RUN-1001 : ----------------------------------------------------------------
RUN-1001 :   eram_cascade_height  |    auto    |       auto       |        
RUN-1001 :        map_mode        |    auto    |       auto       |        
RUN-1001 :      map_strategy      |     1      |        1         |        
RUN-1001 :       pack_effort      |   medium   |      medium      |        
RUN-1001 :     pack_seq_in_io     |    auto    |       auto       |        
RUN-1001 :         report         |  standard  |     standard     |        
RUN-1001 : ----------------------------------------------------------------
RUN-1002 : start command "read_sdc ../../MASTER_FPGA.sdc"
USR-1002 : Derived clock:  create_generated_clock -name {SYS_PLL/pll_inst.clkc[0]} -source [get_ports {clk_in}] -master_clock {CRYSTAL_50M} -multiply_by 1.0000 -duty_cycle 50.0000 [get_pins {SYS_PLL/pll_inst.clkc[0]}]
USR-1002 : Derived clock:  create_generated_clock -name {SYS_PLL/pll_inst.clkc[1]} -source [get_ports {clk_in}] -master_clock {CRYSTAL_50M} -multiply_by 3.2000 -duty_cycle 50.0000 [get_pins {SYS_PLL/pll_inst.clkc[1]}]
USR-1002 : Derived clock:  create_generated_clock -name {SYS_PLL/pll_inst.clkc[2]} -source [get_ports {clk_in}] -master_clock {CRYSTAL_50M} -multiply_by 2.0000 -duty_cycle 50.0000 [get_pins {SYS_PLL/pll_inst.clkc[2]}]
USR-1002 : Derived clock:  create_generated_clock -name {SYS_PLL/pll_inst.clkc[3]} -source [get_ports {clk_in}] -master_clock {CRYSTAL_50M} -divide_by 1.5625 -duty_cycle 50.0000 [get_pins {SYS_PLL/pll_inst.clkc[3]}]
USR-1002 : Derived clock:  create_generated_clock -name {pd1_4times/pll_inst.clkc[0]} -source [get_pins {SYS_PLL/pll_inst.clkc[3]}] -master_clock {SYS_PLL/pll_inst.clkc[3]} -multiply_by 1.0000 -duty_cycle 50.0000 [get_pins {pd1_4times/pll_inst.clkc[0]}]
USR-1002 : Derived clock:  create_generated_clock -name {pd1_4times/pll_inst.clkc[1]} -source [get_pins {SYS_PLL/pll_inst.clkc[3]}] -master_clock {SYS_PLL/pll_inst.clkc[3]} -multiply_by 4.0000 -duty_cycle 50.0000 [get_pins {pd1_4times/pll_inst.clkc[1]}]
RUN-1002 : start command "optimize_gate -packarea MASTER_FPGA_gate.area"
RUN-1001 : Open license file C:/Anlogic/TD_6.0.3_PHX_Release_152.183/license/Anlogic.lic
SYN-1001 : Stage 2 | Optimize Gate
SYN-1001 : Stage 2.1 | Map Reg
SYN-1001 : End Stage 2.1 | Map Reg; Time: 1.247736s wall, 1.234375s user + 0.015625s system = 1.250000s CPU (100.2%); Memory(MB): used = 1373, reserved = 1326, peak = 1441;

SYN-1001 : Stage 2.2 | Map IO
SYN-2001 : Map 205 IOs to PADs
SYN-1001 : End Stage 2.2 | Map IO; Time: 1.392070s wall, 1.390625s user + 0.000000s system = 1.390625s CPU (99.9%); Memory(MB): used = 1375, reserved = 1328, peak = 1441;

SYN-1001 : Stage 2.3 | Map Macro
RUN-1002 : start command "update_pll_param -module top"
SYN-2501 : Processed 126 LOGIC_BUF instances.
SYN-2501 : 6 BUFG to GCLK
SYN-2571 : Optimize after map_dsp, round 1
SYN-2571 : Optimize after map_dsp, round 1, 0 better
SYN-1001 : Throwback 422 control mux instances
SYN-1001 : Optimize 8 adders
SYN-2501 : Optimize round 1
SYN-1016 : Merged 4266 instances.
SYN-2501 : Optimize round 1, 9108 better
SYN-2501 : Optimize round 2
SYN-2501 : Optimize round 2, 0 better
SYN-2501 : Optimize round 1
SYN-1016 : Merged 1 instances.
SYN-2501 : Optimize round 1, 1 better
SYN-2501 : Optimize round 2
SYN-2501 : Optimize round 2, 0 better
TMR-2502 : Net delay update with mode: Synthesized
SYN-5031 WARNING: TimingDrivenOpt: Unexpected end point required time: -35 -> core/add2/o[25]
SYN-5031 WARNING: TimingDrivenOpt: Unexpected end point required time: -35 -> core/add2/o[24]
SYN-5031 WARNING: TimingDrivenOpt: Unexpected end point required time: -35 -> core/add2/o[23]
SYN-5031 WARNING: TimingDrivenOpt: Unexpected end point required time: -35 -> core/add2/o[22]
SYN-5031 WARNING: TimingDrivenOpt: Unexpected end point required time: -35 -> core/add2/o[21]
SYN-5031 WARNING: TimingDrivenOpt: Unexpected end point required time: -35 -> core/add2/o[20]
SYN-5031 WARNING: TimingDrivenOpt: Unexpected end point required time: -35 -> core/add2/o[19]
SYN-5031 WARNING: TimingDrivenOpt: Unexpected end point required time: -35 -> core/add2/o[18]
SYN-5031 WARNING: TimingDrivenOpt: Unexpected end point required time: -35 -> core/add2/o[17]
SYN-5031 WARNING: TimingDrivenOpt: Unexpected end point required time: -35 -> core/add2/o[16]
SYN-5031 Similar messages will be suppressed.
SYN-1031 : Map 7 macro less-than
SYN-2501 : Map 330 macro adder(s)
SYN-2501 : Inferred 7 ROM instances
SYN-3009 : Map 585 FxMUX in MapMacro
SYN-1019 : Optimized 15516 mux instances.
SYN-1016 : Merged 15855 instances.
SYN-1001 : End Stage 2.3 | Map Macro; Time: 15.300456s wall, 15.156250s user + 0.109375s system = 15.265625s CPU (99.8%); Memory(MB): used = 1458, reserved = 1399, peak = 1458;

SYN-1001 : Stage 2.4 | Map Gate
RUN-1002 : start command "start_timer -prepack"
RUN-1003 : finish command "start_timer -prepack" in  2.219355s wall, 2.203125s user + 0.015625s system = 2.218750s CPU (100.0%)

RUN-1004 : used memory is 1460 MB, reserved memory is 1401 MB, peak memory is 1460 MB
TMR-2502 : Net delay update with mode: Synthesized
SYN-3001 : Collect 9272 PI 4825 PO (1732 timing unconstrained) for mapping
SYN-2581 : Mapping with K=6, #lut = 10549 (4.08), #lev = 16 (3.79), #crit_level = 12
SYN-2551 : Post LUT mapping optimization.
SYN-2581 : Mapping with K=6, #lut = 10432 (4.05), #lev = 16 (3.79), #crit_level = 12
SYN-3001 : Logic optimization opt = 2.78 sec, map = 1.59 sec, post map opt = 11.33 sec.
RUN-1002 : start command "start_timer -prepack"
RUN-1003 : finish command "start_timer -prepack" in  2.194786s wall, 2.187500s user + 0.000000s system = 2.187500s CPU (99.7%)

RUN-1004 : used memory is 1503 MB, reserved memory is 1445 MB, peak memory is 1503 MB
TMR-2502 : Net delay update with mode: Synthesized
RUN-1002 : start command "end_timer"
RUN-1002 : start command "start_timer -prepack"
RUN-1003 : finish command "start_timer -prepack" in  2.058259s wall, 2.062500s user + 0.000000s system = 2.062500s CPU (100.2%)

RUN-1004 : used memory is 1503 MB, reserved memory is 1445 MB, peak memory is 1503 MB
TMR-2502 : Net delay update with mode: Synthesized
SYN-1001 : End Stage 2.4 | Map Gate; Time: 29.264117s wall, 29.156250s user + 0.046875s system = 29.203125s CPU (99.8%); Memory(MB): used = 1503, reserved = 1445, peak = 1503;

SYN-1001 : Packing model "top" ...
SYN-1001 : Stage 2.5 | Pack Gate
SYN-4010 : Pack lib has 88 rtl pack models with 59 top pack blocks
SYN-1014 : Optimize round 1
SYN-1015 : Optimize round 1, 0 better
SYN-4002 : Packing 8916 DFF/LATCH to SEQ ...
SYN-1001 : Remove 126 carry adders
SYN-4009 : Pack 117 carry chain into lslice
SYN-4012 : Packed 0 FxMUX
SYN-1001 : End Stage 2.5 | Pack Gate; Time: 0.401807s wall, 0.390625s user + 0.000000s system = 0.390625s CPU (97.2%); Memory(MB): used = 1458, reserved = 1410, peak = 1503;

RUN-1001 : Start to refresh rebuild netlist to the file: D:/FPGA/LF/regenerative amplification/CTRL_V2 OPA-20260515/MASTER_FPGA_Runs/syn_1/synthesized_schematic.db.
RUN-1001 : Exported /
RUN-1001 : Exported libs
RUN-1001 : Exported entities
RUN-1001 : Exported ports
RUN-1001 : Exported pins
RUN-1001 : Exported instances
RUN-1001 : Exported nets
RUN-1001 : Exported buses
RUN-1001 : Exported models
RUN-1002 : start command "report_qor -step gate -file gate.qor"
RUN-1002 : start command "start_timer"
RUN-1003 : finish command "start_timer" in  3.466824s wall, 3.453125s user + 0.000000s system = 3.453125s CPU (99.6%)

RUN-1004 : used memory is 1599 MB, reserved memory is 1659 MB, peak memory is 1599 MB
TMR-2502 : Net delay update with mode: Synthesized
-----------------------------------------------------------
| QoR metrics               |         value               |
-----------------------------------------------------------
| Timing                    |                             |
|     Setup WNS             |        -4952                |
|     Setup TNS             |     -1362396                |
|     Num of violated S-EP  |          557                |
|     Hold WNS              |          519                |
|     Hold TNS              |            0                |
|     Num of violated H-EP  |            0                |
-----------------------------------------------------------
| Utilization               |                             |
|     #registers            |         8916                |
|     #luts                 |        10567                |
|     #lut1                 |          133                |
|     #lut1(~A)             |            7                |
|     #slices               |         2917                |
|     slices percentage     |        7.41%                |
|     #RAMs                 |            0                |
|     #DSPs                 |            4                |
|     #f7mux                |        1.98%                |
|     #MACROs               |          315                |
|     #insts in MACRO       |         3132                |
-----------------------------------------------------------
| kept_net                  |                             |
|     #syn_keep             |         9056                |
|     #keep_hier            |          151                |
|     #dont_touch           |            0                |
|     #mark_debug           |            0                |
|     #max_fanout_keep      |            0                |
|     #async_reg            |            0                |
-----------------------------------------------------------
| Top 10% datanet fanout#   |        45.98                |
| dff(single fanout)->dff   |          222                |
| dff(single fanout)->dram  |            0                |
-----------------------------------------------------------
| Over-quota path num*      |                             |
|     SYS_PLL/...           |          205                |
|     SYS_PLL/...           |           19                |
|     pd1_4tim...           |          129                |
|     pd1_4tim...           |          122                |
|     Total                 |          475                |
-----------------------------------------------------------
| Rent**                    |                             |
-----------------------------------------------------------
Note*: Over-quota path shows the over-path-level-threshold path number of each clock.
       The clock will not be shown if no path is with path level over the threshold.
       The threshold is defined as worst path_margin / 800ps.
Note**: Rent shows the rent exponent value of the modules whose rent value exceeds the threshold.
        Only modules under top are reported, and the threshold is defined as 0.7.

Over-quota Path Details
------------------------------------------------------------------------------------------------------------------------------------------------------------
             Clock             |  Index  |  Budget(Period)  |  Level(Quota)  |               Cell Type List                |        Reason        |  Slack  
------------------------------------------------------------------------------------------------------------------------------------------------------------
   SYS_PLL/pll_inst.clkc[0]    |    1    |   -112(20000)    |      6(1)      |    SEQ,LUT6,LUT6,LUT6,LUT4,LUT4,LUT6,SEQ    |  large launch delay  |  -4952  
                               |    2    |   -112(20000)    |      5(1)      |      SEQ,LUT6,LUT4,LUT5,LUT5,LUT6,SEQ       |  large launch delay  |  -4217  
                               |    3    |   -112(20000)    |      5(1)      |      SEQ,LUT6,LUT4,LUT5,LUT6,LUT6,SEQ       |  large launch delay  |  -4215  
                               |    4    |   -112(20000)    |      5(1)      |      SEQ,LUT6,LUT6,LUT6,LUT6,LUT6,SEQ       |  large launch delay  |  -4211  
                               |    5    |   -112(20000)    |      4(1)      |         SEQ,LUT6,LUT5,LUT6,LUT5,SEQ         |  large launch delay  |  -3520  
   SYS_PLL/pll_inst.clkc[1]    |    1    |    1106(6250)    |      3(2)      |          SEQ,ADDER,ADDER,LUT6,SEQ           |  large launch delay  |  -1536  
                               |    2    |    1106(6250)    |      3(2)      |          SEQ,ADDER,ADDER,LUT6,SEQ           |  large launch delay  |  -1536  
                               |    3    |    1106(6250)    |      3(2)      |          SEQ,ADDER,ADDER,LUT6,SEQ           |  large launch delay  |  -1536  
                               |    4    |    1106(6250)    |      3(2)      |          SEQ,ADDER,ADDER,LUT6,SEQ           |  large launch delay  |  -1536  
                               |    5    |    1106(6250)    |      3(2)      |          SEQ,ADDER,ADDER,LUT6,SEQ           |  large launch delay  |  -1536  
  pd1_4times/pll_inst.clkc[0]  |    1    |   1106(31250)    |      5(2)      |      SEQ,LUT6,LUT6,LUT5,LUT6,LUT6,SEQ       |  large launch delay  |  -3037  
                               |    2    |   1106(31250)    |      5(2)      |      SEQ,LUT6,LUT6,LUT6,LUT5,LUT6,SEQ       |  large launch delay  |  -3037  
                               |    3    |   1106(31250)    |      5(2)      |      SEQ,LUT6,LUT6,LUT5,LUT6,LUT6,SEQ       |  large launch delay  |  -3037  
                               |    4    |   1106(31250)    |      5(2)      |      SEQ,LUT6,LUT6,LUT6,LUT5,LUT6,SEQ       |  large launch delay  |  -3037  
                               |    5    |   1106(31250)    |      5(2)      |      SEQ,LUT6,LUT6,LUT6,LUT5,LUT6,SEQ       |  large launch delay  |  -3037  
  pd1_4times/pll_inst.clkc[1]  |    1    |    148(7812)     |      5(1)      |      SEQ,LUT4,LUT5,LUT6,LUT5,LUT6,SEQ       |  large launch delay  |  -4289  
                               |    2    |    148(7812)     |      5(1)      |      SEQ,LUT4,LUT5,LUT6,LUT5,LUT5,SEQ       |  large launch delay  |  -4031  
                               |    3    |    148(7812)     |      4(1)      |  SEQ,LUT3,LUT6,LUT6,F78MUX,LUT6,F78MUX,SEQ  |  large launch delay  |  -4049  
                               |    4    |    148(7812)     |      4(1)      |         SEQ,LUT4,LUT5,LUT6,LUT6,SEQ         |  large launch delay  |  -3671  
                               |    5    |    148(7812)     |      4(1)      |         SEQ,LUT4,LUT5,LUT6,LUT6,SEQ         |  large launch delay  |  -3671  
------------------------------------------------------------------------------------------------------------------------------------------------------------
Note: Table only show top 5 paths for each clock group in default

Logic Level Distribution
--------------------------------------------------------------------------------------------------------------------------------------------------------------------------------------
  Clock                        |  Period             |  0     |  1    |  2    |  3    |  4     |  5    |  6    |  7    |  8    |  9  |  10  |  11  |  12  |  13  |  14  |  15  |  16
--------------------------------------------------------------------------------------------------------------------------------------------------------------------------------------
  CRYSTAL_50M                  |  20.000ns (50MHz)   |  0     |  0    |  0    |  0    |  0     |  0    |  0    |  0    |  0    |  0  |  0   |  0   |  0   |  0   |  0   |  0   |  0
  SYS_PLL/pll_inst.clkc[0]     |  20.000ns (50MHz)   |  2955  |  675  |  486  |  516  |  2269  |  839  |  731  |  322  |  102  |  4  |  2   |  5   |  14  |  65  |  2   |  5   |  8
  SYS_PLL/pll_inst.clkc[1]     |  6.250ns (160MHz)   |  68    |  3    |  3    |  31   |  1     |  0    |  0    |  0    |  0    |  0  |  0   |  0   |  0   |  0   |  0   |  0   |  0
  SYS_PLL/pll_inst.clkc[2]     |  10.000ns (100MHz)  |  42    |  36   |  61   |  49   |  2     |  0    |  0    |  0    |  0    |  0  |  0   |  0   |  0   |  0   |  0   |  0   |  0
  SYS_PLL/pll_inst.clkc[3]     |  31.250ns (32MHz)   |  0     |  1    |  0    |  0    |  0     |  0    |  0    |  0    |  0    |  0  |  0   |  0   |  0   |  0   |  0   |  0   |  0
  pd1_4times/pll_inst.clkc[0]  |  31.250ns (32MHz)   |  2593  |  4    |  52   |  88   |  26    |  10   |  0    |  0    |  0    |  0  |  0   |  0   |  0   |  0   |  0   |  0   |  0
  pd1_4times/pll_inst.clkc[1]  |  7.812ns (128MHz)   |  288   |  35   |  49   |  33   |  36    |  18   |  0    |  0    |  0    |  0  |  0   |  0   |  0   |  0   |  0   |  0   |  0
  Total                        |  NA                 |  5946  |  754  |  651  |  717  |  2334  |  867  |  731  |  322  |  102  |  4  |  2   |  5   |  14  |  65  |  2   |  5   |  8
--------------------------------------------------------------------------------------------------------------------------------------------------------------------------------------
Note: The table count the worst 100000 paths, each endpoint count only one time.(12529 paths analyzed)

Hierarchical Rent Exponent Report
+---------------------------------------------------------+
|Inst     |Model   |Rent     |Cell     |Pin     |Term     |
+---------------------------------------------------------+
|top      |top     |0.30     |32470    |119951  |85       |
|  burst  |burst_9 |0.67     |14809    |38160   |1599     |
|  core   |core_11 |0.63     |11793    |52960   |1644     |
+---------------------------------------------------------+
Note: Cell represents total number of cells inside module; Pin represents total number of pins
      which have net connection inside module; Term represents total number of PIs and POs of module.
      Rent represents the relationship between number of terms and number of cells in module.
      A module with higher rent corresponds to highly connected logic and strong connectivity with others.
Report gate stage QoR done.

RUN-1003 : finish command "report_qor -step gate -file gate.qor" in  6.585719s wall, 6.578125s user + 0.000000s system = 6.578125s CPU (99.9%)

RUN-1004 : used memory is 1599 MB, reserved memory is 1659 MB, peak memory is 1599 MB
RUN-1002 : start command "report_area -file MASTER_FPGA_gate.area"
SYN-4034 : The count of slices with lut is 856.
SYN-4035 : The count of slices with lut+ripple is 2061.
RUN-1001 : standard
***Report Model: top Device: PH1A60GEG324***

Design Statistics
#IO                       205   out of    211   97.16%
  #input                   49
  #output                 153
  #inout                    3
#lut                    13484
  #lut1                   133
  #lut2                  3330
  #lut3                   930
  #lut4                  1129
  #lut5                  1904
  #lut6                  6058
#reg                     8916
  #slice reg             8916   out of  78720   11.33%
  #pad reg                  0

Utilization Statistics
#slice*                 10683   out of  39360   27.14%
  #used ram                 0
    #dram lut               0
    #shifter lut            0
  #used logic           10683
    #with luts*          8326
    #with adder          2061
    #reg only*            296
#f7mux                    390   out of  19680    1.98%
#f8mux                    195   out of   9840    1.98%
#eram                       0   out of    158    0.00%
  #eram20k                  0
  #fifo20k                  0
#dsp                        4   out of    120    3.33%
#pad                      205   out of    211   97.16%
#pll                        2   out of     12   16.67%
#gclk                       6   out of     32   18.75%
#lclk                       0   out of     24    0.00%
#sclk                       0   out of     72    0.00%
#mlclk                      0   out of     12    0.00%
#ioclk                      0   out of     12    0.00%

* Note! The LUT and Slice count after Optimize-Gate is not the final value, Run Optimize-place for a more realistic count.

SYN-1001 : End Stage 2 | Optimize Gate; Time: 55.928234s wall, 55.734375s user + 0.234375s system = 55.968750s CPU (100.1%); Memory(MB): used = 1600, reserved = 1659, peak = 1600;

RUN-1003 : finish command "optimize_gate -packarea MASTER_FPGA_gate.area" in  55.943360s wall, 55.750000s user + 0.234375s system = 55.984375s CPU (100.1%)

RUN-1004 : used memory is 1600 MB, reserved memory is 1659 MB, peak memory is 1600 MB
RUN-1002 : start command "legalize_phy_inst"
SYN-1001 : Stage 3 | Legalize Phy Inst
SYN-1011 : Flatten model top
SYN-1001 : End Stage 3 | Legalize Phy Inst; Time: 0.160480s wall, 0.156250s user + 0.000000s system = 0.156250s CPU (97.4%); Memory(MB): used = 1600, reserved = 1659, peak = 1600;

RUN-1002 : start command "update_timing"
RUN-1002 : start command "start_timer"
RUN-1003 : finish command "start_timer" in  2.932570s wall, 2.921875s user + 0.000000s system = 2.921875s CPU (99.6%)

RUN-1004 : used memory is 1600 MB, reserved memory is 1659 MB, peak memory is 1600 MB
RUN-1003 : finish command "update_timing" in  4.257635s wall, 4.250000s user + 0.000000s system = 4.250000s CPU (99.8%)

RUN-1004 : used memory is 1600 MB, reserved memory is 1659 MB, peak memory is 1600 MB
RUN-1002 : start command "report_timing_status -file MASTER_FPGA_gate.ts"
RUN-1002 : start command "report_timing_summary -file MASTER_FPGA_gate.timing"
RUN-1002 : start command "flow_status -file flow.status"
Location         : D:\FPGA\LF\regenerative amplification\CTRL_V2 OPA-20260515\MASTER_FPGA_Runs\syn_1
Running with     : Tang Dynasty v6.0.152183
                   Copyright (c) 2012-2025 Anlogic Inc.
Top Model        : top
Device           : PH1A60GEG324
Speed            : 3

Timing Mode      : basic
Setup            : WNS -4952ps  TNS -1362396ps  NUM_FEPS   557
Hold             : WNS   519ps  TNS        0ps  NUM_FEPS     0

Flow Statistics  :
RUN-1001 : Flow Statistics:
RUN-1001 : --------------------------------------------------------------------------------------------------
RUN-1001 :      command     |  #calls  |  wall time  |  cpu time(s)  |  used memory(mb)  |  peak memory(mb)  
RUN-1001 : --------------------------------------------------------------------------------------------------
RUN-1001 :   optimize_gate  |    1     |  55s(64%)   |    55(65%)    |       1600        |       1600        
RUN-1001 :   optimize_rtl   |    1     |  26s(30%)   |    26(30%)    |       1372        |       1441        
RUN-1001 :   import_device  |    1     |   4s(4%)    |     3(3%)     |       1082        |       1082        
RUN-1001 :     read_adc     |    1     |   0s(0%)    |     0(0%)     |       1390        |       1390        
RUN-1001 :     read_sdc     |    1     |   0s(0%)    |     0(0%)     |       1410        |       1441        
RUN-1001 : --------------------------------------------------------------------------------------------------
RUN-1001 :       total      |    5     |    1m25s    |      84       |       1600        |       1600        
RUN-1001 : --------------------------------------------------------------------------------------------------
RUN-1002 : start command "export_db MASTER_FPGA_gate.db"
RUN-1001 : Exported flow parameters
RUN-1001 : Exported /
RUN-1001 : Exported libs
RUN-1001 : Exported entities
RUN-1001 : Exported ports
RUN-1001 : Exported pins
RUN-1001 : Exported instances
RUN-1001 : Exported nets
RUN-1001 : Exported buses
RUN-1001 : Exported models
RUN-1001 : Exported packer
RUN-1001 : Exported congestions
RUN-1001 : Exported violations
RUN-1001 : Exported timing constraints
RUN-1001 : Exported IO constraints
RUN-1001 : Exported Inst constraints
RUN-1001 : Exported ChipWatcher
RUN-1002 : start command "export_flow_status -s read_design -e opt_gate"
RUN-1002 : start command "flow_status"

Location         : D:\FPGA\LF\regenerative amplification\CTRL_V2 OPA-20260515\MASTER_FPGA_Runs\syn_1
Running with     : Tang Dynasty v6.0.152183
                   Copyright (c) 2012-2025 Anlogic Inc.
Top Model        : top
Device           : PH1A60GEG324
Speed            : 3

Timing Mode      : basic
Setup            : WNS -4952ps  TNS -1362396ps  NUM_FEPS   557
Hold             : WNS   519ps  TNS        0ps  NUM_FEPS     0

RUN-1001 : Flow Statistics:
RUN-1001 : --------------------------------------------------------------------------------------------------
RUN-1001 :      command     |  #calls  |  wall time  |  cpu time(s)  |  used memory(mb)  |  peak memory(mb)  
RUN-1001 : --------------------------------------------------------------------------------------------------
RUN-1001 :   optimize_gate  |    1     |  55s(64%)   |    55(65%)    |       1600        |       1600        
RUN-1001 :   optimize_rtl   |    1     |  26s(30%)   |    26(30%)    |       1372        |       1441        
RUN-1001 :   import_device  |    1     |   4s(4%)    |     3(3%)     |       1082        |       1082        
RUN-1001 :     read_adc     |    1     |   0s(0%)    |     0(0%)     |       1390        |       1390        
RUN-1001 :     read_sdc     |    1     |   0s(0%)    |     0(0%)     |       1410        |       1441        
RUN-1001 : --------------------------------------------------------------------------------------------------
RUN-1001 :       total      |    5     |    1m25s    |      84       |       1600        |       1600        
RUN-1001 : --------------------------------------------------------------------------------------------------
